#
# There is insufficient memory for the Java Runtime Environment to continue.
# Native memory allocation (malloc) failed to allocate 968976 bytes for Chunk::new
# Possible reasons:
#   The system is out of physical RAM or swap space
#   The process is running with CompressedOops enabled, and the Java Heap may be blocking the growth of the native heap
# Possible solutions:
#   Reduce memory load on the system
#   Increase physical memory or swap space
#   Check if swap backing store is full
#   Decrease Java heap size (-Xmx/-Xms)
#   Decrease number of Java threads
#   Decrease Java thread stack sizes (-Xss)
#   Set larger code cache with -XX:ReservedCodeCacheSize=
#   JVM is running with Unscaled Compressed Oops mode in which the Java heap is
#     placed in the first 4GB address space. The Java Heap base address is the
#     maximum limit for the native heap growth. Please use -XX:HeapBaseMinAddress
#     to set the Java Heap base and to place the Java Heap above 4GB virtual address.
# This output file may be truncated or incomplete.
#
#  Out of Memory Error (./src/hotspot/share/memory/arena.cpp:197), pid=10068, tid=11936
#
# JRE version: OpenJDK Runtime Environment (11.0.10) (build 11.0.10+0-b96-7249189)
# Java VM: OpenJDK 64-Bit Server VM (11.0.10+0-b96-7249189, mixed mode, tiered, compressed oops, g1 gc, windows-amd64)
# No core dump will be written. Minidumps are not enabled by default on client versions of Windows
#

---------------  S U M M A R Y ------------

Command Line: --add-opens=java.base/java.util=ALL-UNNAMED --add-opens=java.base/java.lang=ALL-UNNAMED --add-opens=java.base/java.lang.invoke=ALL-UNNAMED --add-opens=java.base/java.util=ALL-UNNAMED --add-opens=java.prefs/java.util.prefs=ALL-UNNAMED --add-opens=java.prefs/java.util.prefs=ALL-UNNAMED --add-opens=java.base/java.nio.charset=ALL-UNNAMED --add-opens=java.base/java.net=ALL-UNNAMED --add-opens=java.base/java.util.concurrent.atomic=ALL-UNNAMED -Xmx2048m -Dfile.encoding=UTF-8 -Duser.country=IN -Duser.language=en -Duser.variant org.gradle.launcher.daemon.bootstrap.GradleDaemon 7.0.2

Host: AMD A10-8700P Radeon R6, 10 Compute Cores 4C+6G, 4 cores, 7G,  Windows 10 , 64 bit Build 22000 (10.0.22000.318)
Time: Wed Dec  8 12:08:59 2021 India Standard Time elapsed time: 1749.412427 seconds (0d 0h 29m 9s)

---------------  T H R E A D  ---------------

Current thread (0x0000017abfb23000):  JavaThread "C2 CompilerThread0" daemon [_thread_in_native, id=11936, stack(0x000000470e200000,0x000000470e300000)]


Current CompileTask:
C2:1749412 16109   !   4       org.gradle.api.internal.artifacts.ivyservice.ivyresolve.ErrorHandlingModuleComponentRepository$ErrorHandlingModuleComponentRepositoryAccess::tryResolveAndMaybeBlacklist (221 bytes)

Stack: [0x000000470e200000,0x000000470e300000]
Native frames: (J=compiled Java code, j=interpreted, Vv=VM code, C=native code)
V  [jvm.dll+0x5ecfaa]
V  [jvm.dll+0x722bd5]
V  [jvm.dll+0x72412d]
V  [jvm.dll+0x7247e3]
V  [jvm.dll+0x242928]
V  [jvm.dll+0xbc4fc]
V  [jvm.dll+0xbca0c]
V  [jvm.dll+0x2b4fd4]
V  [jvm.dll+0x506028]
V  [jvm.dll+0x203253]
V  [jvm.dll+0x1fd07c]
V  [jvm.dll+0x1fa77f]
V  [jvm.dll+0x18354c]
V  [jvm.dll+0x208ee7]
V  [jvm.dll+0x207731]
V  [jvm.dll+0x6eb1cf]
V  [jvm.dll+0x6e3d45]
V  [jvm.dll+0x5ebe96]
C  [ucrtbase.dll+0x26c0c]
C  [KERNEL32.DLL+0x154e0]
C  [ntdll.dll+0x485b]


---------------  P R O C E S S  ---------------

Threads class SMR info:
_java_thread_list=0x0000017ac25d9740, length=42, elements={
0x0000017aa5f31000, 0x0000017abfb02800, 0x0000017abfb10000, 0x0000017ac04a3000,
0x0000017abfb1f800, 0x0000017abfb21000, 0x0000017abfb23000, 0x0000017abfb33000,
0x0000017abfb38000, 0x0000017ac05da800, 0x0000017ac256d800, 0x0000017ac197f800,
0x0000017ac1fa7800, 0x0000017ac0837000, 0x0000017ac0834800, 0x0000017ac0833000,
0x0000017ac0835800, 0x0000017ac0838000, 0x0000017ac0839800, 0x0000017ac0838800,
0x0000017ac151b000, 0x0000017ac151a800, 0x0000017ac151f800, 0x0000017ac1522800,
0x0000017ac152b000, 0x0000017ac152a800, 0x0000017ac1530000, 0x0000017ac1531000,
0x0000017ac1532000, 0x0000017ac1533800, 0x0000017ac1532800, 0x0000017ac1534000,
0x0000017ac152e800, 0x0000017ac1535000, 0x0000017ac1538800, 0x0000017ac1536000,
0x0000017ac1536800, 0x0000017ac1539000, 0x0000017ac151e800, 0x0000017ac1521000,
0x0000017ac151c000, 0x0000017ac1528800
}

Java Threads: ( => current thread )
  0x0000017aa5f31000 JavaThread "main" [_thread_blocked, id=5836, stack(0x000000470d600000,0x000000470d700000)]
  0x0000017abfb02800 JavaThread "Reference Handler" daemon [_thread_blocked, id=9076, stack(0x000000470dd00000,0x000000470de00000)]
  0x0000017abfb10000 JavaThread "Finalizer" daemon [_thread_blocked, id=5088, stack(0x000000470de00000,0x000000470df00000)]
  0x0000017ac04a3000 JavaThread "Signal Dispatcher" daemon [_thread_blocked, id=10828, stack(0x000000470df00000,0x000000470e000000)]
  0x0000017abfb1f800 JavaThread "Attach Listener" daemon [_thread_blocked, id=11376, stack(0x000000470e000000,0x000000470e100000)]
  0x0000017abfb21000 JavaThread "Service Thread" daemon [_thread_blocked, id=11692, stack(0x000000470e100000,0x000000470e200000)]
=>0x0000017abfb23000 JavaThread "C2 CompilerThread0" daemon [_thread_in_native, id=11936, stack(0x000000470e200000,0x000000470e300000)]
  0x0000017abfb33000 JavaThread "C1 CompilerThread0" daemon [_thread_blocked, id=11252, stack(0x000000470e300000,0x000000470e400000)]
  0x0000017abfb38000 JavaThread "Sweeper thread" daemon [_thread_blocked, id=6136, stack(0x000000470e400000,0x000000470e500000)]
  0x0000017ac05da800 JavaThread "Common-Cleaner" daemon [_thread_blocked, id=9800, stack(0x000000470e500000,0x000000470e600000)]
  0x0000017ac256d800 JavaThread "Daemon health stats" [_thread_blocked, id=12388, stack(0x000000470e900000,0x000000470ea00000)]
  0x0000017ac197f800 JavaThread "Incoming local TCP Connector on port 49800" [_thread_in_native, id=12092, stack(0x000000470e700000,0x000000470e800000)]
  0x0000017ac1fa7800 JavaThread "Daemon periodic checks" [_thread_blocked, id=12564, stack(0x000000470eb00000,0x000000470ec00000)]
  0x0000017ac0837000 JavaThread "Cache worker for file hash cache (C:\Users\gadge\.gradle\caches\7.0.2\fileHashes)" [_thread_blocked, id=5768, stack(0x000000470f400000,0x000000470f500000)]
  0x0000017ac0834800 JavaThread "File lock request listener" [_thread_in_native, id=11564, stack(0x000000470f500000,0x000000470f600000)]
  0x0000017ac0833000 JavaThread "Cache worker for journal cache (C:\Users\gadge\.gradle\caches\journal-1)" [_thread_blocked, id=11556, stack(0x000000470f600000,0x000000470f700000)]
  0x0000017ac0835800 JavaThread "File watcher server" daemon [_thread_in_native, id=6696, stack(0x000000470f800000,0x000000470f900000)]
  0x0000017ac0838000 JavaThread "File watcher consumer" daemon [_thread_blocked, id=3064, stack(0x000000470f900000,0x000000470fa00000)]
  0x0000017ac0839800 JavaThread "jar transforms" [_thread_blocked, id=11952, stack(0x000000470fb00000,0x000000470fc00000)]
  0x0000017ac0838800 JavaThread "jar transforms Thread 2" [_thread_blocked, id=12728, stack(0x000000470fc00000,0x000000470fd00000)]
  0x0000017ac151b000 JavaThread "jar transforms Thread 3" [_thread_blocked, id=7828, stack(0x000000470fd00000,0x000000470fe00000)]
  0x0000017ac151a800 JavaThread "jar transforms Thread 4" [_thread_blocked, id=11020, stack(0x000000470fe00000,0x000000470ff00000)]
  0x0000017ac151f800 JavaThread "Cache worker for execution history cache (C:\Users\gadge\.gradle\caches\7.0.2\executionHistory)" [_thread_blocked, id=10620, stack(0x0000004710000000,0x0000004710100000)]
  0x0000017ac1522800 JavaThread "Cache worker for file content cache (C:\Users\gadge\.gradle\caches\7.0.2\fileContent)" [_thread_blocked, id=13148, stack(0x0000004710300000,0x0000004710400000)]
  0x0000017ac152b000 JavaThread "Memory manager" [_thread_blocked, id=5688, stack(0x0000004710b00000,0x0000004710c00000)]
  0x0000017ac152a800 JavaThread "Daemon Thread 6" [_thread_blocked, id=13176, stack(0x000000470d300000,0x000000470d400000)]
  0x0000017ac1530000 JavaThread "Handler for socket connection from /127.0.0.1:49800 to /127.0.0.1:55415" [_thread_in_native, id=16500, stack(0x000000470d400000,0x000000470d500000)]
  0x0000017ac1531000 JavaThread "Cancel handler" [_thread_blocked, id=17104, stack(0x000000470d500000,0x000000470d600000)]
  0x0000017ac1532000 JavaThread "Daemon worker Thread 6" [_thread_in_Java, id=10152, stack(0x000000470ec00000,0x000000470ed00000)]
  0x0000017ac1533800 JavaThread "Asynchronous log dispatcher for DefaultDaemonConnection: socket connection from /127.0.0.1:49800 to /127.0.0.1:55415" [_thread_blocked, id=1176, stack(0x000000470ed00000,0x000000470ee00000)]
  0x0000017ac1532800 JavaThread "Stdin handler" [_thread_blocked, id=18280, stack(0x000000470ee00000,0x000000470ef00000)]
  0x0000017ac1534000 JavaThread "Daemon client event forwarder" [_thread_blocked, id=17168, stack(0x000000470ef00000,0x000000470f000000)]
  0x0000017ac152e800 JavaThread "Cache worker for file hash cache (D:\CEG\3rd_Year\5th_Semester\CA5501&CA5511(MobileApplication(Android))\CA5511_Lab\Lab4\LetsChat\.gradle\7.0.2\fileHashes)" [_thread_blocked, id=16820, stack(0x000000470f000000,0x000000470f100000)]
  0x0000017ac1535000 JavaThread "Cache worker for checksums cache (D:\CEG\3rd_Year\5th_Semester\CA5501&CA5511(MobileApplication(Android))\CA5511_Lab\Lab4\LetsChat\.gradle\checksums)" [_thread_blocked, id=16228, stack(0x000000470f100000,0x000000470f200000)]
  0x0000017ac1538800 JavaThread "Cache worker for cache directory md-supplier (C:\Users\gadge\.gradle\caches\7.0.2\md-supplier)" [_thread_blocked, id=16308, stack(0x000000470f200000,0x000000470f300000)]
  0x0000017ac1536000 JavaThread "Cache worker for cache directory md-rule (C:\Users\gadge\.gradle\caches\7.0.2\md-rule)" [_thread_blocked, id=13016, stack(0x000000470f700000,0x000000470f800000)]
  0x0000017ac1536800 JavaThread "Cache worker for dependencies-accessors (D:\CEG\3rd_Year\5th_Semester\CA5501&CA5511(MobileApplication(Android))\CA5511_Lab\Lab4\LetsChat\.gradle\7.0.2\dependencies-accessors)" [_thread_blocked, id=16956, stack(0x000000470fa00000,0x000000470fb00000)]
  0x0000017ac1539000 JavaThread "Cache worker for Build Output Cleanup Cache (D:\CEG\3rd_Year\5th_Semester\CA5501&CA5511(MobileApplication(Android))\CA5511_Lab\Lab4\LetsChat\.gradle\buildOutputCleanup)" [_thread_blocked, id=14964, stack(0x000000470ff00000,0x0000004710000000)]
  0x0000017ac151e800 JavaThread "Build operations" [_thread_blocked, id=18372, stack(0x0000004710100000,0x0000004710200000)]
  0x0000017ac1521000 JavaThread "Build operations Thread 2" [_thread_blocked, id=17760, stack(0x0000004710200000,0x0000004710300000)]
  0x0000017ac151c000 JavaThread "Build operations Thread 3" [_thread_blocked, id=16560, stack(0x0000004710400000,0x0000004710500000)]
  0x0000017ac1528800 JavaThread "Build operations Thread 4" [_thread_blocked, id=17780, stack(0x0000004710500000,0x0000004710600000)]

Other Threads:
  0x0000017abfb00000 VMThread "VM Thread" [stack: 0x000000470dc00000,0x000000470dd00000] [id=9268]
  0x0000017ac05f4800 WatcherThread [stack: 0x000000470e600000,0x000000470e700000] [id=10616]
  0x0000017aa5f49800 GCTaskThread "GC Thread#0" [stack: 0x000000470d700000,0x000000470d800000] [id=12772]
  0x0000017ac0ef9000 GCTaskThread "GC Thread#1" [stack: 0x000000470e800000,0x000000470e900000] [id=12172]
  0x0000017ac1e5c800 GCTaskThread "GC Thread#2" [stack: 0x000000470ea00000,0x000000470eb00000] [id=10000]
  0x0000017ac2a18000 GCTaskThread "GC Thread#3" [stack: 0x000000470f300000,0x000000470f400000] [id=10020]
  0x0000017aa5f7b000 ConcurrentGCThread "G1 Main Marker" [stack: 0x000000470d800000,0x000000470d900000] [id=7360]
  0x0000017aa5f7d000 ConcurrentGCThread "G1 Conc#0" [stack: 0x000000470d900000,0x000000470da00000] [id=12976]
  0x0000017aa5ffd000 ConcurrentGCThread "G1 Refine#0" [stack: 0x000000470da00000,0x000000470db00000] [id=11764]
  0x0000017aa5ffe000 ConcurrentGCThread "G1 Young RemSet Sampling" [stack: 0x000000470db00000,0x000000470dc00000] [id=11760]

Threads with active compile tasks:
C2 CompilerThread01749625 16109   !   4       org.gradle.api.internal.artifacts.ivyservice.ivyresolve.ErrorHandlingModuleComponentRepository$ErrorHandlingModuleComponentRepositoryAccess::tryResolveAndMaybeBlacklist (221 bytes)

VM state:not at safepoint (normal execution)

VM Mutex/Monitor currently owned by a thread: None

Heap address: 0x0000000080000000, size: 2048 MB, Compressed Oops mode: 32-bit
Narrow klass base: 0x0000000000000000, Narrow klass shift: 3
Compressed class space size: 1073741824 Address: 0x0000000100000000

Heap:
 garbage-first heap   total 147456K, used 120401K [0x0000000080000000, 0x0000000100000000)
  region size 1024K, 3 young (3072K), 1 survivors (1024K)
 Metaspace       used 105449K, capacity 108696K, committed 108748K, reserved 1142784K
  class space    used 13407K, capacity 14516K, committed 14540K, reserved 1048576K
Heap Regions: E=young(eden), S=young(survivor), O=old, HS=humongous(starts), HC=humongous(continues), CS=collection set, F=free, A=archive, TAMS=top-at-mark-start (previous, next)
|   0|0x0000000080000000, 0x0000000080100000, 0x0000000080100000|100%| O|  |TAMS 0x0000000080100000, 0x0000000080000000| Untracked 
|   1|0x0000000080100000, 0x0000000080200000, 0x0000000080200000|100%| O|  |TAMS 0x0000000080200000, 0x0000000080100000| Untracked 
|   2|0x0000000080200000, 0x0000000080300000, 0x0000000080300000|100%| O|  |TAMS 0x0000000080300000, 0x0000000080200000| Untracked 
|   3|0x0000000080300000, 0x0000000080400000, 0x0000000080400000|100%|HS|  |TAMS 0x0000000080400000, 0x0000000080300000| Complete 
|   4|0x0000000080400000, 0x0000000080500000, 0x0000000080500000|100%|HC|  |TAMS 0x0000000080500000, 0x0000000080400000| Complete 
|   5|0x0000000080500000, 0x0000000080600000, 0x0000000080600000|100%|HC|  |TAMS 0x0000000080600000, 0x0000000080500000| Complete 
|   6|0x0000000080600000, 0x0000000080700000, 0x0000000080700000|100%| O|  |TAMS 0x0000000080700000, 0x0000000080600000| Complete 
|   7|0x0000000080700000, 0x0000000080800000, 0x0000000080800000|100%| O|  |TAMS 0x0000000080800000, 0x0000000080700000| Untracked 
|   8|0x0000000080800000, 0x0000000080900000, 0x0000000080900000|100%| O|  |TAMS 0x0000000080900000, 0x0000000080800000| Untracked 
|   9|0x0000000080900000, 0x0000000080a00000, 0x0000000080a00000|100%| O|  |TAMS 0x0000000080a00000, 0x0000000080900000| Untracked 
|  10|0x0000000080a00000, 0x0000000080b00000, 0x0000000080b00000|100%| O|  |TAMS 0x0000000080b00000, 0x0000000080a00000| Untracked 
|  11|0x0000000080b00000, 0x0000000080c00000, 0x0000000080c00000|100%| O|  |TAMS 0x0000000080c00000, 0x0000000080b00000| Complete 
|  12|0x0000000080c00000, 0x0000000080d00000, 0x0000000080d00000|100%| O|  |TAMS 0x0000000080d00000, 0x0000000080c00000| Untracked 
|  13|0x0000000080d00000, 0x0000000080e00000, 0x0000000080e00000|100%| O|  |TAMS 0x0000000080e00000, 0x0000000080d00000| Untracked 
|  14|0x0000000080e00000, 0x0000000080f00000, 0x0000000080f00000|100%| O|  |TAMS 0x0000000080f00000, 0x0000000080e00000| Untracked 
|  15|0x0000000080f00000, 0x0000000081000000, 0x0000000081000000|100%| O|  |TAMS 0x0000000081000000, 0x0000000080f00000| Complete 
|  16|0x0000000081000000, 0x0000000081100000, 0x0000000081100000|100%| O|  |TAMS 0x0000000081100000, 0x0000000081000000| Untracked 
|  17|0x0000000081100000, 0x0000000081200000, 0x0000000081200000|100%|HS|  |TAMS 0x0000000081200000, 0x0000000081100000| Complete 
|  18|0x0000000081200000, 0x0000000081300000, 0x0000000081300000|100%|HC|  |TAMS 0x0000000081300000, 0x0000000081200000| Complete 
|  19|0x0000000081300000, 0x0000000081400000, 0x0000000081400000|100%|HS|  |TAMS 0x0000000081400000, 0x0000000081300000| Complete 
|  20|0x0000000081400000, 0x0000000081500000, 0x0000000081500000|100%|HC|  |TAMS 0x0000000081500000, 0x0000000081400000| Complete 
|  21|0x0000000081500000, 0x0000000081600000, 0x0000000081600000|100%|HC|  |TAMS 0x0000000081600000, 0x0000000081500000| Complete 
|  22|0x0000000081600000, 0x0000000081700000, 0x0000000081700000|100%|HS|  |TAMS 0x0000000081700000, 0x0000000081600000| Complete 
|  23|0x0000000081700000, 0x0000000081800000, 0x0000000081800000|100%|HC|  |TAMS 0x0000000081800000, 0x0000000081700000| Complete 
|  24|0x0000000081800000, 0x0000000081900000, 0x0000000081900000|100%|HC|  |TAMS 0x0000000081900000, 0x0000000081800000| Complete 
|  25|0x0000000081900000, 0x0000000081a00000, 0x0000000081a00000|100%|HC|  |TAMS 0x0000000081a00000, 0x0000000081900000| Complete 
|  26|0x0000000081a00000, 0x0000000081b00000, 0x0000000081b00000|100%|HC|  |TAMS 0x0000000081b00000, 0x0000000081a00000| Complete 
|  27|0x0000000081b00000, 0x0000000081c00000, 0x0000000081c00000|100%| O|  |TAMS 0x0000000081c00000, 0x0000000081b00000| Untracked 
|  28|0x0000000081c00000, 0x0000000081d00000, 0x0000000081d00000|100%| O|  |TAMS 0x0000000081d00000, 0x0000000081c00000| Untracked 
|  29|0x0000000081d00000, 0x0000000081e00000, 0x0000000081e00000|100%| O|  |TAMS 0x0000000081e00000, 0x0000000081d00000| Complete 
|  30|0x0000000081e00000, 0x0000000081f00000, 0x0000000081f00000|100%| O|  |TAMS 0x0000000081f00000, 0x0000000081e00000| Untracked 
|  31|0x0000000081f00000, 0x0000000082000000, 0x0000000082000000|100%| O|  |TAMS 0x0000000082000000, 0x0000000081f00000| Complete 
|  32|0x0000000082000000, 0x0000000082100000, 0x0000000082100000|100%|HS|  |TAMS 0x0000000082100000, 0x0000000082000000| Complete 
|  33|0x0000000082100000, 0x0000000082200000, 0x0000000082200000|100%|HC|  |TAMS 0x0000000082200000, 0x0000000082100000| Complete 
|  34|0x0000000082200000, 0x0000000082300000, 0x0000000082300000|100%|HC|  |TAMS 0x0000000082300000, 0x0000000082200000| Complete 
|  35|0x0000000082300000, 0x0000000082400000, 0x0000000082400000|100%|HC|  |TAMS 0x0000000082400000, 0x0000000082300000| Complete 
|  36|0x0000000082400000, 0x0000000082500000, 0x0000000082500000|100%|HC|  |TAMS 0x0000000082500000, 0x0000000082400000| Complete 
|  37|0x0000000082500000, 0x0000000082600000, 0x0000000082600000|100%|HS|  |TAMS 0x0000000082600000, 0x0000000082500000| Complete 
|  38|0x0000000082600000, 0x0000000082700000, 0x0000000082700000|100%|HC|  |TAMS 0x0000000082700000, 0x0000000082600000| Complete 
|  39|0x0000000082700000, 0x0000000082800000, 0x0000000082800000|100%|HC|  |TAMS 0x0000000082800000, 0x0000000082700000| Complete 
|  40|0x0000000082800000, 0x0000000082900000, 0x0000000082900000|100%| O|  |TAMS 0x0000000082900000, 0x0000000082800000| Untracked 
|  41|0x0000000082900000, 0x0000000082a00000, 0x0000000082a00000|100%| O|  |TAMS 0x0000000082a00000, 0x0000000082900000| Untracked 
|  42|0x0000000082a00000, 0x0000000082b00000, 0x0000000082b00000|100%| O|  |TAMS 0x0000000082b00000, 0x0000000082a00000| Complete 
|  43|0x0000000082b00000, 0x0000000082c00000, 0x0000000082c00000|100%| O|  |TAMS 0x0000000082c00000, 0x0000000082b00000| Untracked 
|  44|0x0000000082c00000, 0x0000000082d00000, 0x0000000082d00000|100%| O|  |TAMS 0x0000000082d00000, 0x0000000082c00000| Untracked 
|  45|0x0000000082d00000, 0x0000000082e00000, 0x0000000082e00000|100%| O|  |TAMS 0x0000000082e00000, 0x0000000082d00000| Untracked 
|  46|0x0000000082e00000, 0x0000000082f00000, 0x0000000082f00000|100%| O|  |TAMS 0x0000000082f00000, 0x0000000082e00000| Untracked 
|  47|0x0000000082f00000, 0x0000000083000000, 0x0000000083000000|100%| O|  |TAMS 0x0000000083000000, 0x0000000082f00000| Untracked 
|  48|0x0000000083000000, 0x0000000083100000, 0x0000000083100000|100%| O|  |TAMS 0x0000000083100000, 0x0000000083000000| Complete 
|  49|0x0000000083100000, 0x0000000083200000, 0x0000000083200000|100%| O|  |TAMS 0x0000000083200000, 0x0000000083100000| Untracked 
|  50|0x0000000083200000, 0x0000000083300000, 0x0000000083300000|100%| O|  |TAMS 0x0000000083300000, 0x0000000083200000| Complete 
|  51|0x0000000083300000, 0x0000000083400000, 0x0000000083400000|100%| O|  |TAMS 0x0000000083400000, 0x0000000083300000| Complete 
|  52|0x0000000083400000, 0x0000000083500000, 0x0000000083500000|100%| O|  |TAMS 0x0000000083500000, 0x0000000083400000| Untracked 
|  53|0x0000000083500000, 0x0000000083600000, 0x0000000083600000|100%| O|  |TAMS 0x0000000083600000, 0x0000000083500000| Untracked 
|  54|0x0000000083600000, 0x0000000083700000, 0x0000000083700000|100%| O|  |TAMS 0x0000000083700000, 0x0000000083600000| Untracked 
|  55|0x0000000083700000, 0x0000000083800000, 0x0000000083800000|100%| O|  |TAMS 0x0000000083800000, 0x0000000083700000| Complete 
|  56|0x0000000083800000, 0x0000000083900000, 0x0000000083900000|100%| O|  |TAMS 0x0000000083900000, 0x0000000083800000| Complete 
|  57|0x0000000083900000, 0x0000000083a00000, 0x0000000083a00000|100%| O|  |TAMS 0x0000000083a00000, 0x0000000083900000| Untracked 
|  58|0x0000000083a00000, 0x0000000083b00000, 0x0000000083b00000|100%|HS|  |TAMS 0x0000000083b00000, 0x0000000083a00000| Complete 
|  59|0x0000000083b00000, 0x0000000083c00000, 0x0000000083c00000|100%|HS|  |TAMS 0x0000000083c00000, 0x0000000083b00000| Complete 
|  60|0x0000000083c00000, 0x0000000083d00000, 0x0000000083d00000|100%|HS|  |TAMS 0x0000000083d00000, 0x0000000083c00000| Complete 
|  61|0x0000000083d00000, 0x0000000083e00000, 0x0000000083e00000|100%|HC|  |TAMS 0x0000000083e00000, 0x0000000083d00000| Complete 
|  62|0x0000000083e00000, 0x0000000083f00000, 0x0000000083f00000|100%| O|  |TAMS 0x0000000083f00000, 0x0000000083e00000| Untracked 
|  63|0x0000000083f00000, 0x0000000084000000, 0x0000000084000000|100%| O|  |TAMS 0x0000000084000000, 0x0000000083f00000| Untracked 
|  64|0x0000000084000000, 0x0000000084100000, 0x0000000084100000|100%| O|  |TAMS 0x0000000084100000, 0x0000000084000000| Untracked 
|  65|0x0000000084100000, 0x0000000084200000, 0x0000000084200000|100%| O|  |TAMS 0x0000000084200000, 0x0000000084100000| Complete 
|  66|0x0000000084200000, 0x0000000084300000, 0x0000000084300000|100%| O|  |TAMS 0x0000000084300000, 0x0000000084200000| Untracked 
|  67|0x0000000084300000, 0x0000000084400000, 0x0000000084400000|100%| O|  |TAMS 0x0000000084400000, 0x0000000084300000| Complete 
|  68|0x0000000084400000, 0x0000000084500000, 0x0000000084500000|100%| O|  |TAMS 0x0000000084500000, 0x0000000084400000| Untracked 
|  69|0x0000000084500000, 0x0000000084600000, 0x0000000084600000|100%| O|  |TAMS 0x0000000084600000, 0x0000000084500000| Untracked 
|  70|0x0000000084600000, 0x0000000084700000, 0x0000000084700000|100%| O|  |TAMS 0x0000000084700000, 0x0000000084600000| Complete 
|  71|0x0000000084700000, 0x0000000084800000, 0x0000000084800000|100%| O|  |TAMS 0x0000000084800000, 0x0000000084700000| Untracked 
|  72|0x0000000084800000, 0x0000000084900000, 0x0000000084900000|100%| O|  |TAMS 0x0000000084900000, 0x0000000084800000| Complete 
|  73|0x0000000084900000, 0x0000000084a00000, 0x0000000084a00000|100%| O|  |TAMS 0x0000000084a00000, 0x0000000084900000| Complete 
|  74|0x0000000084a00000, 0x0000000084b00000, 0x0000000084b00000|100%| O|  |TAMS 0x0000000084b00000, 0x0000000084a00000| Untracked 
|  75|0x0000000084b00000, 0x0000000084c00000, 0x0000000084c00000|100%| O|  |TAMS 0x0000000084c00000, 0x0000000084b00000| Untracked 
|  76|0x0000000084c00000, 0x0000000084d00000, 0x0000000084d00000|100%| O|  |TAMS 0x0000000084d00000, 0x0000000084c00000| Untracked 
|  77|0x0000000084d00000, 0x0000000084e00000, 0x0000000084e00000|100%| O|  |TAMS 0x0000000084e00000, 0x0000000084d00000| Untracked 
|  78|0x0000000084e00000, 0x0000000084f00000, 0x0000000084f00000|100%| O|  |TAMS 0x0000000084f00000, 0x0000000084e00000| Untracked 
|  79|0x0000000084f00000, 0x0000000085000000, 0x0000000085000000|100%| O|  |TAMS 0x0000000085000000, 0x0000000084f00000| Complete 
|  80|0x0000000085000000, 0x0000000085100000, 0x0000000085100000|100%| O|  |TAMS 0x0000000085100000, 0x0000000085000000| Untracked 
|  81|0x0000000085100000, 0x0000000085200000, 0x0000000085200000|100%| O|  |TAMS 0x0000000085200000, 0x0000000085100000| Untracked 
|  82|0x0000000085200000, 0x0000000085300000, 0x0000000085300000|100%| O|  |TAMS 0x0000000085300000, 0x0000000085200000| Untracked 
|  83|0x0000000085300000, 0x0000000085400000, 0x0000000085400000|100%| O|  |TAMS 0x0000000085400000, 0x0000000085300000| Untracked 
|  84|0x0000000085400000, 0x0000000085500000, 0x0000000085500000|100%| O|  |TAMS 0x0000000085500000, 0x0000000085400000| Complete 
|  85|0x0000000085500000, 0x0000000085600000, 0x0000000085600000|100%| O|  |TAMS 0x0000000085600000, 0x0000000085500000| Untracked 
|  86|0x0000000085600000, 0x0000000085700000, 0x0000000085700000|100%| O|  |TAMS 0x00000000856b5600, 0x0000000085600000| Untracked 
|  87|0x0000000085700000, 0x0000000085800000, 0x0000000085800000|100%| O|  |TAMS 0x0000000085700000, 0x0000000085700000| Untracked 
|  88|0x0000000085800000, 0x0000000085900000, 0x0000000085900000|100%| O|  |TAMS 0x0000000085900000, 0x0000000085800000| Untracked 
|  89|0x0000000085900000, 0x0000000085a00000, 0x0000000085a00000|100%| O|  |TAMS 0x0000000085a00000, 0x0000000085900000| Untracked 
|  90|0x0000000085a00000, 0x0000000085b00000, 0x0000000085b00000|100%| O|  |TAMS 0x0000000085b00000, 0x0000000085a00000| Complete 
|  91|0x0000000085b00000, 0x0000000085c00000, 0x0000000085c00000|100%| O|  |TAMS 0x0000000085c00000, 0x0000000085b00000| Untracked 
|  92|0x0000000085c00000, 0x0000000085d00000, 0x0000000085d00000|100%| O|  |TAMS 0x0000000085d00000, 0x0000000085c00000| Untracked 
|  93|0x0000000085d00000, 0x0000000085e00000, 0x0000000085e00000|100%| O|  |TAMS 0x0000000085e00000, 0x0000000085d00000| Complete 
|  94|0x0000000085e00000, 0x0000000085eda000, 0x0000000085f00000| 85%| O|  |TAMS 0x0000000085e00000, 0x0000000085e00000| Untracked 
|  95|0x0000000085f00000, 0x0000000086000000, 0x0000000086000000|100%| O|  |TAMS 0x0000000086000000, 0x0000000085f00000| Complete 
|  96|0x0000000086000000, 0x0000000086000000, 0x0000000086100000|  0%| F|  |TAMS 0x0000000086000000, 0x0000000086000000| Untracked 
|  97|0x0000000086100000, 0x0000000086100000, 0x0000000086200000|  0%| F|  |TAMS 0x0000000086100000, 0x0000000086100000| Untracked 
|  98|0x0000000086200000, 0x0000000086300000, 0x0000000086300000|100%| O|  |TAMS 0x0000000086300000, 0x0000000086200000| Complete 
|  99|0x0000000086300000, 0x0000000086300000, 0x0000000086400000|  0%| F|  |TAMS 0x0000000086300000, 0x0000000086300000| Untracked 
| 100|0x0000000086400000, 0x0000000086500000, 0x0000000086500000|100%| O|  |TAMS 0x0000000086500000, 0x0000000086400000| Complete 
| 101|0x0000000086500000, 0x0000000086500000, 0x0000000086600000|  0%| F|  |TAMS 0x0000000086500000, 0x0000000086500000| Untracked 
| 102|0x0000000086600000, 0x0000000086600000, 0x0000000086700000|  0%| F|  |TAMS 0x0000000086600000, 0x0000000086600000| Untracked 
| 103|0x0000000086700000, 0x0000000086700000, 0x0000000086800000|  0%| F|  |TAMS 0x0000000086700000, 0x0000000086700000| Untracked 
| 104|0x0000000086800000, 0x0000000086900000, 0x0000000086900000|100%| O|  |TAMS 0x0000000086900000, 0x0000000086800000| Complete 
| 105|0x0000000086900000, 0x0000000086a00000, 0x0000000086a00000|100%| O|  |TAMS 0x0000000086a00000, 0x0000000086900000| Complete 
| 106|0x0000000086a00000, 0x0000000086b00000, 0x0000000086b00000|100%| O|  |TAMS 0x0000000086b00000, 0x0000000086a00000| Complete 
| 107|0x0000000086b00000, 0x0000000086c00000, 0x0000000086c00000|100%| O|  |TAMS 0x0000000086c00000, 0x0000000086b00000| Untracked 
| 108|0x0000000086c00000, 0x0000000086d00000, 0x0000000086d00000|100%| O|  |TAMS 0x0000000086d00000, 0x0000000086c00000| Untracked 
| 109|0x0000000086d00000, 0x0000000086d00000, 0x0000000086e00000|  0%| F|  |TAMS 0x0000000086d00000, 0x0000000086d00000| Untracked 
| 110|0x0000000086e00000, 0x0000000086e00000, 0x0000000086f00000|  0%| F|  |TAMS 0x0000000086e00000, 0x0000000086e00000| Untracked 
| 111|0x0000000086f00000, 0x0000000086f00000, 0x0000000087000000|  0%| F|  |TAMS 0x0000000086f00000, 0x0000000086f00000| Untracked 
| 112|0x0000000087000000, 0x0000000087100000, 0x0000000087100000|100%| O|  |TAMS 0x0000000087100000, 0x0000000087000000| Complete 
| 113|0x0000000087100000, 0x0000000087200000, 0x0000000087200000|100%| O|  |TAMS 0x0000000087200000, 0x0000000087100000| Untracked 
| 114|0x0000000087200000, 0x0000000087200000, 0x0000000087300000|  0%| F|  |TAMS 0x0000000087200000, 0x0000000087200000| Untracked 
| 115|0x0000000087300000, 0x0000000087300000, 0x0000000087400000|  0%| F|  |TAMS 0x0000000087300000, 0x0000000087300000| Untracked 
| 116|0x0000000087400000, 0x0000000087500000, 0x0000000087500000|100%| O|  |TAMS 0x0000000087500000, 0x0000000087400000| Complete 
| 117|0x0000000087500000, 0x0000000087600000, 0x0000000087600000|100%| O|  |TAMS 0x0000000087600000, 0x0000000087500000| Complete 
| 118|0x0000000087600000, 0x0000000087700000, 0x0000000087700000|100%| O|  |TAMS 0x0000000087700000, 0x0000000087600000| Untracked 
| 119|0x0000000087700000, 0x0000000087800000, 0x0000000087800000|100%| O|  |TAMS 0x0000000087800000, 0x0000000087700000| Untracked 
| 120|0x0000000087800000, 0x0000000087900000, 0x0000000087900000|100%| O|  |TAMS 0x0000000087900000, 0x0000000087800000| Untracked 
| 121|0x0000000087900000, 0x0000000087900000, 0x0000000087a00000|  0%| F|  |TAMS 0x0000000087900000, 0x0000000087900000| Untracked 
| 122|0x0000000087a00000, 0x0000000087b00000, 0x0000000087b00000|100%| O|  |TAMS 0x0000000087b00000, 0x0000000087a00000| Complete 
| 123|0x0000000087b00000, 0x0000000087c00000, 0x0000000087c00000|100%| O|  |TAMS 0x0000000087c00000, 0x0000000087b00000| Untracked 
| 124|0x0000000087c00000, 0x0000000087d00000, 0x0000000087d00000|100%| O|  |TAMS 0x0000000087d00000, 0x0000000087c00000| Untracked 
| 125|0x0000000087d00000, 0x0000000087e00000, 0x0000000087e00000|100%| O|  |TAMS 0x0000000087e00000, 0x0000000087d00000| Untracked 
| 126|0x0000000087e00000, 0x0000000087f00000, 0x0000000087f00000|100%| O|  |TAMS 0x0000000087f00000, 0x0000000087e00000| Untracked 
| 127|0x0000000087f00000, 0x0000000088000000, 0x0000000088000000|100%| O|  |TAMS 0x0000000088000000, 0x0000000087f00000| Complete 
| 128|0x0000000088000000, 0x0000000088000000, 0x0000000088100000|  0%| F|  |TAMS 0x0000000088000000, 0x0000000088000000| Untracked 
| 129|0x0000000088100000, 0x0000000088100000, 0x0000000088200000|  0%| F|  |TAMS 0x0000000088100000, 0x0000000088100000| Untracked 
| 130|0x0000000088200000, 0x0000000088200000, 0x0000000088300000|  0%| F|  |TAMS 0x0000000088200000, 0x0000000088200000| Untracked 
| 131|0x0000000088300000, 0x0000000088300000, 0x0000000088400000|  0%| F|  |TAMS 0x0000000088300000, 0x0000000088300000| Untracked 
| 132|0x0000000088400000, 0x0000000088400000, 0x0000000088500000|  0%| F|  |TAMS 0x0000000088400000, 0x0000000088400000| Untracked 
| 133|0x0000000088500000, 0x0000000088500000, 0x0000000088600000|  0%| F|  |TAMS 0x0000000088500000, 0x0000000088500000| Untracked 
| 134|0x0000000088600000, 0x00000000886ba4b0, 0x0000000088700000| 72%| S|CS|TAMS 0x0000000088600000, 0x0000000088600000| Complete 
| 135|0x0000000088700000, 0x0000000088700000, 0x0000000088800000|  0%| F|  |TAMS 0x0000000088700000, 0x0000000088700000| Untracked 
| 136|0x0000000088800000, 0x0000000088800000, 0x0000000088900000|  0%| F|  |TAMS 0x0000000088800000, 0x0000000088800000| Untracked 
| 137|0x0000000088900000, 0x0000000088900000, 0x0000000088a00000|  0%| F|  |TAMS 0x0000000088900000, 0x0000000088900000| Untracked 
| 138|0x0000000088a00000, 0x0000000088a00000, 0x0000000088b00000|  0%| F|  |TAMS 0x0000000088a00000, 0x0000000088a00000| Untracked 
| 139|0x0000000088b00000, 0x0000000088b00000, 0x0000000088c00000|  0%| F|  |TAMS 0x0000000088b00000, 0x0000000088b00000| Untracked 
| 140|0x0000000088c00000, 0x0000000088c00000, 0x0000000088d00000|  0%| F|  |TAMS 0x0000000088c00000, 0x0000000088c00000| Untracked 
| 141|0x0000000088d00000, 0x0000000088d00000, 0x0000000088e00000|  0%| F|  |TAMS 0x0000000088d00000, 0x0000000088d00000| Untracked 
| 142|0x0000000088e00000, 0x0000000088e87520, 0x0000000088f00000| 52%| E|  |TAMS 0x0000000088e00000, 0x0000000088e00000| Complete 
| 143|0x0000000088f00000, 0x0000000089000000, 0x0000000089000000|100%| E|CS|TAMS 0x0000000088f00000, 0x0000000088f00000| Complete 

Card table byte_map: [0x0000017ab8e20000,0x0000017ab9220000] _byte_map_base: 0x0000017ab8a20000

Marking Bits (Prev, Next): (CMBitMap*) 0x0000017aa5f72240, (CMBitMap*) 0x0000017aa5f72208
 Prev Bits: [0x0000017abb620000, 0x0000017abd620000)
 Next Bits: [0x0000017ab9620000, 0x0000017abb620000)

Polling page: 0x0000017aa3f00000

Metaspace:

Usage:
  Non-class:     91.97 MB capacity,    89.88 MB ( 98%) used,     1.77 MB (  2%) free+waste,   330.63 KB ( <1%) overhead. 
      Class:     14.18 MB capacity,    13.09 MB ( 92%) used,   957.05 KB (  7%) free+waste,   151.06 KB (  1%) overhead. 
       Both:    106.15 MB capacity,   102.98 MB ( 97%) used,     2.70 MB (  3%) free+waste,   481.69 KB ( <1%) overhead. 

Virtual space:
  Non-class space:       92.00 MB reserved,      92.00 MB (100%) committed 
      Class space:        1.00 GB reserved,      14.20 MB (  1%) committed 
             Both:        1.09 GB reserved,     106.20 MB ( 10%) committed 

Chunk freelists:
   Non-Class:  28.00 KB
       Class:  0 bytes
        Both:  28.00 KB

MaxMetaspaceSize: 17179869184.00 GB
CompressedClassSpaceSize: 1.00 GB

CodeHeap 'non-profiled nmethods': size=120064Kb used=10723Kb max_used=10723Kb free=109340Kb
 bounds [0x0000017ab14e0000, 0x0000017ab1f60000, 0x0000017ab8a20000]
CodeHeap 'profiled nmethods': size=120000Kb used=35496Kb max_used=35496Kb free=84503Kb
 bounds [0x0000017aa9fb0000, 0x0000017aac260000, 0x0000017ab14e0000]
CodeHeap 'non-nmethods': size=5696Kb used=2314Kb max_used=2384Kb free=3381Kb
 bounds [0x0000017aa9a20000, 0x0000017aa9c90000, 0x0000017aa9fb0000]
 total_blobs=16852 nmethods=15930 adapters=833
 compilation: enabled
              stopped_count=0, restarted_count=0
 full_count=0

Compilation events (20 events):
Event: 1747.089 Thread 0x0000017abfb23000 nmethod 16104 0x0000017ab1f4f390 code [0x0000017ab1f4f520, 0x0000017ab1f4f598]
Event: 1747.091 Thread 0x0000017abfb23000 16105       4       org.gradle.api.internal.artifacts.ivyservice.resolveengine.graph.builder.ResolveState::peek (29 bytes)
Event: 1747.103 Thread 0x0000017abfb23000 nmethod 16105 0x0000017ab1f4f690 code [0x0000017ab1f4f840, 0x0000017ab1f4f958]
Event: 1747.131 Thread 0x0000017abfb23000 16106       4       org.gradle.api.internal.artifacts.ivyservice.resolveengine.graph.CompositeDependencyGraphVisitor::visitSelector (40 bytes)
Event: 1747.139 Thread 0x0000017abfb33000 16107       3       org.gradle.api.internal.artifacts.ivyservice.resolveengine.graph.conflicts.VersionConflictResolutionDetails::getDisplayName (119 bytes)
Event: 1747.147 Thread 0x0000017abfb23000 nmethod 16106 0x0000017ab1f4fb10 code [0x0000017ab1f4fcc0, 0x0000017ab1f4fe98]
Event: 1747.150 Thread 0x0000017abfb33000 nmethod 16107 0x0000017aac24f710 code [0x0000017aac24fa20, 0x0000017aac2509d8]
Event: 1747.196 Thread 0x0000017abfb23000 16108       4       org.gradle.api.internal.artifacts.ivyservice.resolveengine.artifact.ResolvedArtifactsGraphVisitor::getArtifacts (197 bytes)
Event: 1749.036 Thread 0x0000017abfb23000 nmethod 16108 0x0000017ab1f50090 code [0x0000017ab1f50620, 0x0000017ab1f54e98]
Event: 1749.037 Thread 0x0000017abfb23000 16109   !   4       org.gradle.api.internal.artifacts.ivyservice.ivyresolve.ErrorHandlingModuleComponentRepository$ErrorHandlingModuleComponentRepositoryAccess::tryResolveAndMaybeBlacklist (221 bytes)
Event: 1749.052 Thread 0x0000017abfb33000 16111       3       org.gradle.internal.work.DefaultWorkerLeaseService$DefaultWorkerLease::releaseLock (90 bytes)
Event: 1749.055 Thread 0x0000017abfb33000 nmethod 16111 0x0000017aac250f10 code [0x0000017aac251240, 0x0000017aac252678]
Event: 1749.055 Thread 0x0000017abfb33000 16112       3       org.gradle.api.internal.artifacts.configurations.DefaultConfiguration::access$1900 (6 bytes)
Event: 1749.056 Thread 0x0000017abfb33000 nmethod 16112 0x0000017aac252d10 code [0x0000017aac252ec0, 0x0000017aac252fc8]
Event: 1749.151 Thread 0x0000017abfb33000 16113       3       org.gradle.internal.metaobject.BeanDynamicObject$MetaClassAdapter::inferTypes (60 bytes)
Event: 1749.152 Thread 0x0000017abfb33000 nmethod 16113 0x0000017aac253090 code [0x0000017aac253280, 0x0000017aac2538f8]
Event: 1749.152 Thread 0x0000017abfb33000 16114       3       org.gradle.internal.metaobject.BeanDynamicObject$MetaClassAdapter::lookupMethod (9 bytes)
Event: 1749.153 Thread 0x0000017abfb33000 nmethod 16114 0x0000017aac253a90 code [0x0000017aac253c40, 0x0000017aac253e08]
Event: 1749.230 Thread 0x0000017abfb33000 16115       3       org.gradle.internal.instantiation.generator.DependencyInjectingInstantiator::addServicesToParameters (349 bytes)
Event: 1749.235 Thread 0x0000017abfb33000 nmethod 16115 0x0000017aac253f10 code [0x0000017aac254400, 0x0000017aac256c28]

GC Heap History (20 events):
Event: 1551.167 GC heap before
{Heap before GC invocations=99 (full 0):
 garbage-first heap   total 147456K, used 123686K [0x0000000080000000, 0x0000000100000000)
  region size 1024K, 7 young (7168K), 2 survivors (2048K)
 Metaspace       used 105168K, capacity 108360K, committed 108492K, reserved 1142784K
  class space    used 13396K, capacity 14501K, committed 14540K, reserved 1048576K
}
Event: 1551.246 GC heap after
{Heap after GC invocations=100 (full 0):
 garbage-first heap   total 147456K, used 118795K [0x0000000080000000, 0x0000000100000000)
  region size 1024K, 1 young (1024K), 1 survivors (1024K)
 Metaspace       used 105168K, capacity 108360K, committed 108492K, reserved 1142784K
  class space    used 13396K, capacity 14501K, committed 14540K, reserved 1048576K
}
Event: 1551.653 GC heap before
{Heap before GC invocations=100 (full 0):
 garbage-first heap   total 147456K, used 124939K [0x0000000080000000, 0x0000000100000000)
  region size 1024K, 8 young (8192K), 1 survivors (1024K)
 Metaspace       used 105168K, capacity 108360K, committed 108492K, reserved 1142784K
  class space    used 13396K, capacity 14501K, committed 14540K, reserved 1048576K
}
Event: 1551.669 GC heap after
{Heap after GC invocations=101 (full 0):
 garbage-first heap   total 147456K, used 119393K [0x0000000080000000, 0x0000000100000000)
  region size 1024K, 1 young (1024K), 1 survivors (1024K)
 Metaspace       used 105168K, capacity 108360K, committed 108492K, reserved 1142784K
  class space    used 13396K, capacity 14501K, committed 14540K, reserved 1048576K
}
Event: 1552.571 GC heap before
{Heap before GC invocations=102 (full 0):
 garbage-first heap   total 147456K, used 125537K [0x0000000080000000, 0x0000000100000000)
  region size 1024K, 8 young (8192K), 1 survivors (1024K)
 Metaspace       used 105223K, capacity 108366K, committed 108492K, reserved 1142784K
  class space    used 13396K, capacity 14501K, committed 14540K, reserved 1048576K
}
Event: 1552.582 GC heap after
{Heap after GC invocations=103 (full 0):
 garbage-first heap   total 147456K, used 120451K [0x0000000080000000, 0x0000000100000000)
  region size 1024K, 1 young (1024K), 1 survivors (1024K)
 Metaspace       used 105223K, capacity 108366K, committed 108492K, reserved 1142784K
  class space    used 13396K, capacity 14501K, committed 14540K, reserved 1048576K
}
Event: 1553.454 GC heap before
{Heap before GC invocations=103 (full 0):
 garbage-first heap   total 147456K, used 126595K [0x0000000080000000, 0x0000000100000000)
  region size 1024K, 7 young (7168K), 1 survivors (1024K)
 Metaspace       used 105237K, capacity 108366K, committed 108492K, reserved 1142784K
  class space    used 13396K, capacity 14501K, committed 14540K, reserved 1048576K
}
Event: 1553.472 GC heap after
{Heap after GC invocations=104 (full 0):
 garbage-first heap   total 147456K, used 113516K [0x0000000080000000, 0x0000000100000000)
  region size 1024K, 1 young (1024K), 1 survivors (1024K)
 Metaspace       used 105237K, capacity 108366K, committed 108492K, reserved 1142784K
  class space    used 13396K, capacity 14501K, committed 14540K, reserved 1048576K
}
Event: 1554.228 GC heap before
{Heap before GC invocations=104 (full 0):
 garbage-first heap   total 147456K, used 122732K [0x0000000080000000, 0x0000000100000000)
  region size 1024K, 10 young (10240K), 1 survivors (1024K)
 Metaspace       used 105262K, capacity 108366K, committed 108492K, reserved 1142784K
  class space    used 13396K, capacity 14501K, committed 14540K, reserved 1048576K
}
Event: 1554.248 GC heap after
{Heap after GC invocations=105 (full 0):
 garbage-first heap   total 147456K, used 114177K [0x0000000080000000, 0x0000000100000000)
  region size 1024K, 2 young (2048K), 2 survivors (2048K)
 Metaspace       used 105262K, capacity 108366K, committed 108492K, reserved 1142784K
  class space    used 13396K, capacity 14501K, committed 14540K, reserved 1048576K
}
Event: 1554.533 GC heap before
{Heap before GC invocations=105 (full 0):
 garbage-first heap   total 147456K, used 123393K [0x0000000080000000, 0x0000000100000000)
  region size 1024K, 11 young (11264K), 2 survivors (2048K)
 Metaspace       used 105309K, capacity 108498K, committed 108748K, reserved 1142784K
  class space    used 13396K, capacity 14501K, committed 14540K, reserved 1048576K
}
Event: 1554.554 GC heap after
{Heap after GC invocations=106 (full 0):
 garbage-first heap   total 147456K, used 114825K [0x0000000080000000, 0x0000000100000000)
  region size 1024K, 2 young (2048K), 2 survivors (2048K)
 Metaspace       used 105309K, capacity 108498K, committed 108748K, reserved 1142784K
  class space    used 13396K, capacity 14501K, committed 14540K, reserved 1048576K
}
Event: 1555.139 GC heap before
{Heap before GC invocations=107 (full 0):
 garbage-first heap   total 147456K, used 124041K [0x0000000080000000, 0x0000000100000000)
  region size 1024K, 11 young (11264K), 2 survivors (2048K)
 Metaspace       used 105354K, capacity 108573K, committed 108748K, reserved 1142784K
  class space    used 13396K, capacity 14501K, committed 14540K, reserved 1048576K
}
Event: 1555.168 GC heap after
{Heap after GC invocations=108 (full 0):
 garbage-first heap   total 147456K, used 116371K [0x0000000080000000, 0x0000000100000000)
  region size 1024K, 2 young (2048K), 2 survivors (2048K)
 Metaspace       used 105354K, capacity 108573K, committed 108748K, reserved 1142784K
  class space    used 13396K, capacity 14501K, committed 14540K, reserved 1048576K
}
Event: 1743.882 GC heap before
{Heap before GC invocations=108 (full 0):
 garbage-first heap   total 147456K, used 125587K [0x0000000080000000, 0x0000000100000000)
  region size 1024K, 11 young (11264K), 2 survivors (2048K)
 Metaspace       used 105405K, capacity 108601K, committed 108748K, reserved 1142784K
  class space    used 13402K, capacity 14508K, committed 14540K, reserved 1048576K
}
Event: 1744.230 GC heap after
{Heap after GC invocations=109 (full 0):
 garbage-first heap   total 147456K, used 117442K [0x0000000080000000, 0x0000000100000000)
  region size 1024K, 1 young (1024K), 1 survivors (1024K)
 Metaspace       used 105405K, capacity 108601K, committed 108748K, reserved 1142784K
  class space    used 13402K, capacity 14508K, committed 14540K, reserved 1048576K
}
Event: 1746.808 GC heap before
{Heap before GC invocations=109 (full 0):
 garbage-first heap   total 147456K, used 125634K [0x0000000080000000, 0x0000000100000000)
  region size 1024K, 9 young (9216K), 1 survivors (1024K)
 Metaspace       used 105438K, capacity 108690K, committed 108748K, reserved 1142784K
  class space    used 13406K, capacity 14514K, committed 14540K, reserved 1048576K
}
Event: 1746.834 GC heap after
{Heap after GC invocations=110 (full 0):
 garbage-first heap   total 147456K, used 118655K [0x0000000080000000, 0x0000000100000000)
  region size 1024K, 2 young (2048K), 2 survivors (2048K)
 Metaspace       used 105438K, capacity 108690K, committed 108748K, reserved 1142784K
  class space    used 13406K, capacity 14514K, committed 14540K, reserved 1048576K
}
Event: 1749.177 GC heap before
{Heap before GC invocations=111 (full 0):
 garbage-first heap   total 147456K, used 125823K [0x0000000080000000, 0x0000000100000000)
  region size 1024K, 10 young (10240K), 2 survivors (2048K)
 Metaspace       used 105446K, capacity 108696K, committed 108748K, reserved 1142784K
  class space    used 13407K, capacity 14516K, committed 14540K, reserved 1048576K
}
Event: 1749.215 GC heap after
{Heap after GC invocations=112 (full 0):
 garbage-first heap   total 147456K, used 119377K [0x0000000080000000, 0x0000000100000000)
  region size 1024K, 1 young (1024K), 1 survivors (1024K)
 Metaspace       used 105446K, capacity 108696K, committed 108748K, reserved 1142784K
  class space    used 13407K, capacity 14516K, committed 14540K, reserved 1048576K
}

Deoptimization events (20 events):
Event: 1540.939 Thread 0x0000017ac151e800 DEOPT PACKING pc=0x0000017ab1e34288 sp=0x000000470ecf9a20
Event: 1540.942 Thread 0x0000017ac151e800 DEOPT UNPACKING pc=0x0000017aa9a473af sp=0x000000470ecf99b0 mode 2
Event: 1540.942 Thread 0x0000017ac151e800 Uncommon trap: trap_request=0xffffffbe fr.pc=0x0000017ab1e34288 relative=0x0000000000001008
Event: 1540.942 Thread 0x0000017ac151e800 Uncommon trap: reason=profile_predicate action=maybe_recompile pc=0x0000017ab1e34288 method=java.util.regex.Pattern$CharPropertyGreedy.match(Ljava/util/regex/Matcher;ILjava/lang/CharSequence;)Z @ 12 c2
Event: 1540.942 Thread 0x0000017ac151e800 DEOPT PACKING pc=0x0000017ab1e34288 sp=0x000000470ecf9a20
Event: 1540.942 Thread 0x0000017ac151e800 DEOPT UNPACKING pc=0x0000017aa9a473af sp=0x000000470ecf99b0 mode 2
Event: 1540.964 Thread 0x0000017ac151e800 Uncommon trap: trap_request=0xffffffbe fr.pc=0x0000017ab1e34288 relative=0x0000000000001008
Event: 1540.964 Thread 0x0000017ac151e800 Uncommon trap: reason=profile_predicate action=maybe_recompile pc=0x0000017ab1e34288 method=java.util.regex.Pattern$CharPropertyGreedy.match(Ljava/util/regex/Matcher;ILjava/lang/CharSequence;)Z @ 12 c2
Event: 1540.964 Thread 0x0000017ac151e800 DEOPT PACKING pc=0x0000017ab1e34288 sp=0x000000470ecf9d70
Event: 1540.968 Thread 0x0000017ac151e800 DEOPT UNPACKING pc=0x0000017aa9a473af sp=0x000000470ecf9d00 mode 2
Event: 1541.576 Thread 0x0000017ac151e800 DEOPT PACKING pc=0x0000017aaa5d7611 sp=0x000000470ecfbf50
Event: 1541.576 Thread 0x0000017ac151e800 DEOPT UNPACKING pc=0x0000017aa9a471ce sp=0x000000470ecfb428 mode 0
Event: 1550.315 Thread 0x0000017ac151e800 DEOPT PACKING pc=0x0000017aab0cb3df sp=0x000000470ecf86b0
Event: 1550.315 Thread 0x0000017ac151e800 DEOPT UNPACKING pc=0x0000017aa9a471ce sp=0x000000470ecf7b38 mode 0
Event: 1553.568 Thread 0x0000017ac151e800 DEOPT PACKING pc=0x0000017aab7384bd sp=0x000000470ecf98c0
Event: 1553.568 Thread 0x0000017ac151e800 DEOPT UNPACKING pc=0x0000017aa9a471ce sp=0x000000470ecf8e98 mode 0
Event: 1744.516 Thread 0x0000017ac1532000 DEOPT PACKING pc=0x0000017aaad46f46 sp=0x000000470ecfa170
Event: 1744.522 Thread 0x0000017ac1532000 DEOPT UNPACKING pc=0x0000017aa9a471ce sp=0x000000470ecf9620 mode 0
Event: 1745.810 Thread 0x0000017ac1532000 DEOPT PACKING pc=0x0000017aaa5d7379 sp=0x000000470ecfa580
Event: 1745.812 Thread 0x0000017ac1532000 DEOPT UNPACKING pc=0x0000017aa9a471ce sp=0x000000470ecf9a48 mode 0

Classes redefined (0 events):
No events

Internal exceptions (20 events):
Event: 1541.196 Thread 0x0000017ac151e800 Exception <a 'java/lang/ClassNotFoundException'{0x0000000088ab6d28}: sync_studio_tooling642_9rku5dbitr5irp89lh65a16whBeanInfo> (0x0000000088ab6d28) thrown at [./src/hotspot/share/classfile/systemDictionary.cpp, line 231]
Event: 1541.198 Thread 0x0000017ac151e800 Exception <a 'java/lang/ClassNotFoundException'{0x0000000088ac4198}: sync_studio_tooling642_9rku5dbitr5irp89lh65a16whCustomizer> (0x0000000088ac4198) thrown at [./src/hotspot/share/classfile/systemDictionary.cpp, line 231]
Event: 1550.202 Thread 0x0000017ac151e800 Exception <a 'sun/nio/fs/WindowsException'{0x0000000088982e28}> (0x0000000088982e28) thrown at [./src/hotspot/share/prims/jni.cpp, line 615]
Event: 1550.663 Thread 0x0000017ac151e800 Exception <a 'java/lang/NoClassDefFoundError'{0x0000000088e339d8}: org/jetbrains/kotlin/gradle/plugin/KotlinBasePluginWrapper> (0x0000000088e339d8) thrown at [./src/hotspot/share/oops/constantPool.cpp, line 775]
Event: 1551.913 Thread 0x0000017ac151e800 Exception <a 'sun/nio/fs/WindowsException'{0x0000000088c34998}> (0x0000000088c34998) thrown at [./src/hotspot/share/prims/jni.cpp, line 615]
Event: 1552.073 Thread 0x0000017ac151e800 Exception <a 'sun/nio/fs/WindowsException'{0x0000000088cd76b0}> (0x0000000088cd76b0) thrown at [./src/hotspot/share/prims/jni.cpp, line 615]
Event: 1552.074 Thread 0x0000017ac151e800 Exception <a 'sun/nio/fs/WindowsException'{0x0000000088cd8a28}> (0x0000000088cd8a28) thrown at [./src/hotspot/share/prims/jni.cpp, line 615]
Event: 1552.074 Thread 0x0000017ac151e800 Exception <a 'sun/nio/fs/WindowsException'{0x0000000088cd9df0}> (0x0000000088cd9df0) thrown at [./src/hotspot/share/prims/jni.cpp, line 615]
Event: 1552.074 Thread 0x0000017ac151e800 Exception <a 'sun/nio/fs/WindowsException'{0x0000000088cdb1b8}> (0x0000000088cdb1b8) thrown at [./src/hotspot/share/prims/jni.cpp, line 615]
Event: 1552.295 Thread 0x0000017ac151e800 Exception <a 'java/lang/reflect/InvocationTargetException'{0x0000000088a79910}> (0x0000000088a79910) thrown at [./src/hotspot/share/runtime/reflection.cpp, line 1247]
Event: 1737.060 Thread 0x0000017ac151b000 Exception <a 'sun/nio/fs/WindowsException'{0x0000000088836950}> (0x0000000088836950) thrown at [./src/hotspot/share/prims/jni.cpp, line 615]
Event: 1737.444 Thread 0x0000017ac151b000 Exception <a 'sun/nio/fs/WindowsException'{0x00000000888eb2f8}> (0x00000000888eb2f8) thrown at [./src/hotspot/share/prims/jni.cpp, line 615]
Event: 1737.449 Thread 0x0000017ac151b000 Exception <a 'sun/nio/fs/WindowsException'{0x00000000888eb328}> (0x00000000888eb328) thrown at [./src/hotspot/share/prims/jni.cpp, line 615]
Event: 1742.397 Thread 0x0000017ac1532000 Exception <a 'java/lang/ClassNotFoundException'{0x000000008876ddd0}: sync_studio_tooling1621_2jxrykz3ybnne5a97jmfhr5n6BeanInfo> (0x000000008876ddd0) thrown at [./src/hotspot/share/classfile/systemDictionary.cpp, line 231]
Event: 1742.418 Thread 0x0000017ac1532000 Exception <a 'java/lang/ClassNotFoundException'{0x000000008877b668}: sync_studio_tooling1621_2jxrykz3ybnne5a97jmfhr5n6Customizer> (0x000000008877b668) thrown at [./src/hotspot/share/classfile/systemDictionary.cpp, line 231]
Event: 1743.872 Thread 0x0000017ac0838800 Exception <a 'sun/nio/fs/WindowsException'{0x00000000887f2258}> (0x00000000887f2258) thrown at [./src/hotspot/share/prims/jni.cpp, line 615]
Event: 1744.323 Thread 0x0000017ac0838800 Exception <a 'sun/nio/fs/WindowsException'{0x0000000088f71f50}> (0x0000000088f71f50) thrown at [./src/hotspot/share/prims/jni.cpp, line 615]
Event: 1744.424 Thread 0x0000017ac0838800 Exception <a 'sun/nio/fs/WindowsException'{0x0000000088f720b8}> (0x0000000088f720b8) thrown at [./src/hotspot/share/prims/jni.cpp, line 615]
Event: 1744.525 Thread 0x0000017ac1532000 Exception <a 'java/lang/ClassNotFoundException'{0x0000000088fd9f98}: sync_studio_tooling1621_2jxrykz3ybnne5a97jmfhr5n6BeanInfo> (0x0000000088fd9f98) thrown at [./src/hotspot/share/classfile/systemDictionary.cpp, line 231]
Event: 1744.527 Thread 0x0000017ac1532000 Exception <a 'java/lang/ClassNotFoundException'{0x0000000088fe77c8}: sync_studio_tooling1621_2jxrykz3ybnne5a97jmfhr5n6Customizer> (0x0000000088fe77c8) thrown at [./src/hotspot/share/classfile/systemDictionary.cpp, line 231]

Events (20 events):
Event: 1744.576 loading class groovy/runtime/metaclass/sync_studio_tooling1621_2jxrykz3ybnne5a97jmfhr5n6$_run_closure1MetaClass
Event: 1744.576 loading class groovy/runtime/metaclass/sync_studio_tooling1621_2jxrykz3ybnne5a97jmfhr5n6$_run_closure1MetaClass done
Event: 1745.496 Thread 0x0000017ac1536800 Thread added: 0x0000017ac1536800
Event: 1745.631 Thread 0x0000017ac1539000 Thread added: 0x0000017ac1539000
Event: 1746.279 loading class org/gradle/api/internal/artifacts/ivyservice/resolutionstrategy/DefaultCachePolicy$1
Event: 1746.279 loading class org/gradle/api/internal/artifacts/ivyservice/resolutionstrategy/DefaultCachePolicy$1 done
Event: 1746.808 Executing VM operation: G1CollectForAllocation
Event: 1746.834 Executing VM operation: G1CollectForAllocation done
Event: 1747.212 Thread 0x0000017ac151e800 Thread added: 0x0000017ac151e800
Event: 1747.258 Thread 0x0000017ac1521000 Thread added: 0x0000017ac1521000
Event: 1747.259 Executing VM operation: RevokeBias
Event: 1747.423 Executing VM operation: RevokeBias done
Event: 1747.465 Thread 0x0000017ac151c000 Thread added: 0x0000017ac151c000
Event: 1747.467 Thread 0x0000017ac1528800 Thread added: 0x0000017ac1528800
Event: 1747.668 Executing VM operation: CGC_Operation
Event: 1748.592 Executing VM operation: CGC_Operation done
Event: 1748.887 Executing VM operation: CGC_Operation
Event: 1748.896 Executing VM operation: CGC_Operation done
Event: 1749.177 Executing VM operation: G1CollectForAllocation
Event: 1749.215 Executing VM operation: G1CollectForAllocation done


Dynamic libraries:
0x00007ff676390000 - 0x00007ff67639a000 	C:\Program Files\Android\Android Studio\jre\bin\java.exe
0x00007fffc52a0000 - 0x00007fffc54a7000 	C:\Windows\SYSTEM32\ntdll.dll
0x00007fffc4f50000 - 0x00007fffc500d000 	C:\Windows\System32\KERNEL32.DLL
0x00007fffc2780000 - 0x00007fffc2af4000 	C:\Windows\System32\KERNELBASE.dll
0x00007fffc2ef0000 - 0x00007fffc3001000 	C:\Windows\System32\ucrtbase.dll
0x00007fffb3a00000 - 0x00007fffb3a17000 	C:\Program Files\Android\Android Studio\jre\bin\VCRUNTIME140.dll
0x00007fffb31a0000 - 0x00007fffb31b9000 	C:\Program Files\Android\Android Studio\jre\bin\jli.dll
0x00007fffc4330000 - 0x00007fffc44dc000 	C:\Windows\System32\USER32.dll
0x00007fffb3f90000 - 0x00007fffb4235000 	C:\Windows\WinSxS\amd64_microsoft.windows.common-controls_6595b64144ccf1df_6.0.22000.120_none_9d947278b86cc467\COMCTL32.dll
0x00007fffc2c40000 - 0x00007fffc2c66000 	C:\Windows\System32\win32u.dll
0x00007fffc4280000 - 0x00007fffc4323000 	C:\Windows\System32\msvcrt.dll
0x00007fffc48b0000 - 0x00007fffc48d9000 	C:\Windows\System32\GDI32.dll
0x00007fffc3010000 - 0x00007fffc3122000 	C:\Windows\System32\gdi32full.dll
0x00007fffc2ce0000 - 0x00007fffc2d7d000 	C:\Windows\System32\msvcp_win.dll
0x00007fffc3c50000 - 0x00007fffc3c81000 	C:\Windows\System32\IMM32.DLL
0x00007fffadce0000 - 0x00007fffadd7d000 	C:\Program Files\Android\Android Studio\jre\bin\msvcp140.dll
0x00007fff8f100000 - 0x00007fff8fbcf000 	C:\Program Files\Android\Android Studio\jre\bin\server\jvm.dll
0x00007fffc4640000 - 0x00007fffc46ec000 	C:\Windows\System32\ADVAPI32.dll
0x00007fffc48e0000 - 0x00007fffc497d000 	C:\Windows\System32\sechost.dll
0x00007fffc5130000 - 0x00007fffc5251000 	C:\Windows\System32\RPCRT4.dll
0x00007fffc45d0000 - 0x00007fffc45d8000 	C:\Windows\System32\PSAPI.DLL
0x00007fffb17d0000 - 0x00007fffb17d9000 	C:\Windows\SYSTEM32\WSOCK32.dll
0x00007fffb9fb0000 - 0x00007fffb9fe3000 	C:\Windows\SYSTEM32\WINMM.dll
0x00007fffc4840000 - 0x00007fffc48af000 	C:\Windows\System32\WS2_32.dll
0x00007fffbad20000 - 0x00007fffbad2a000 	C:\Windows\SYSTEM32\VERSION.dll
0x00007fffc18a0000 - 0x00007fffc18b8000 	C:\Windows\SYSTEM32\kernel.appcore.dll
0x00007fffb8bd0000 - 0x00007fffb8be1000 	C:\Program Files\Android\Android Studio\jre\bin\verify.dll
0x00007fffb2220000 - 0x00007fffb2441000 	C:\Windows\SYSTEM32\DBGHELP.DLL
0x00007fffb2190000 - 0x00007fffb21c1000 	C:\Windows\SYSTEM32\dbgcore.DLL
0x00007fffc2bc0000 - 0x00007fffc2c40000 	C:\Windows\System32\bcryptPrimitives.dll
0x00007fffb5070000 - 0x00007fffb5099000 	C:\Program Files\Android\Android Studio\jre\bin\java.dll
0x00007fffbfc50000 - 0x00007fffbfc5b000 	C:\Program Files\Android\Android Studio\jre\bin\jimage.dll
0x00007fffb5050000 - 0x00007fffb5068000 	C:\Program Files\Android\Android Studio\jre\bin\zip.dll
0x00007fffc3130000 - 0x00007fffc38de000 	C:\Windows\System32\SHELL32.dll
0x00007fffc0920000 - 0x00007fffc1187000 	C:\Windows\SYSTEM32\windows.storage.dll
0x00007fffc4a30000 - 0x00007fffc4da8000 	C:\Windows\System32\combase.dll
0x00007fffc07b0000 - 0x00007fffc0916000 	C:\Windows\SYSTEM32\wintypes.dll
0x00007fffc44e0000 - 0x00007fffc45ca000 	C:\Windows\System32\SHCORE.dll
0x00007fffc45e0000 - 0x00007fffc463d000 	C:\Windows\System32\shlwapi.dll
0x00007fffc26b0000 - 0x00007fffc26d1000 	C:\Windows\SYSTEM32\profapi.dll
0x00007fffa0bf0000 - 0x00007fffa0c0a000 	C:\Program Files\Android\Android Studio\jre\bin\net.dll
0x00007fffbcee0000 - 0x00007fffbcfec000 	C:\Windows\SYSTEM32\WINHTTP.dll
0x00007fffc1cb0000 - 0x00007fffc1d17000 	C:\Windows\system32\mswsock.dll
0x00007fff90bb0000 - 0x00007fff90bc4000 	C:\Program Files\Android\Android Studio\jre\bin\nio.dll
0x00007fffbed90000 - 0x00007fffbedb7000 	C:\Users\gadge\.gradle\native\8bec1ad78214c89d9ad589b4d07fe93259594b29d510b10fafb7a158f7737e5d\windows-amd64\native-platform.dll
0x00007fffad9e0000 - 0x00007fffadb1d000 	C:\Users\gadge\.gradle\native\53dbd7edfb1c66fb8903c78663c9afc45aea4f116125fa6feffd364cf09443e8\windows-amd64\native-platform-file-events.dll
0x00007fff90ba0000 - 0x00007fff90baa000 	C:\Program Files\Android\Android Studio\jre\bin\management.dll
0x00007fff90b90000 - 0x00007fff90b9c000 	C:\Program Files\Android\Android Studio\jre\bin\management_ext.dll
0x00007fffc1ef0000 - 0x00007fffc1f08000 	C:\Windows\SYSTEM32\CRYPTSP.dll
0x00007fffc1800000 - 0x00007fffc1835000 	C:\Windows\system32\rsaenh.dll
0x00007fffc1da0000 - 0x00007fffc1dc9000 	C:\Windows\SYSTEM32\USERENV.dll
0x00007fffc2070000 - 0x00007fffc2097000 	C:\Windows\SYSTEM32\bcrypt.dll
0x00007fffc1f10000 - 0x00007fffc1f1c000 	C:\Windows\SYSTEM32\CRYPTBASE.dll
0x00007fffc13e0000 - 0x00007fffc140d000 	C:\Windows\SYSTEM32\IPHLPAPI.DLL
0x00007fffc3c40000 - 0x00007fffc3c49000 	C:\Windows\System32\NSI.dll
0x00007fffbc840000 - 0x00007fffbc859000 	C:\Windows\SYSTEM32\dhcpcsvc6.DLL
0x00007fffbd5d0000 - 0x00007fffbd5ee000 	C:\Windows\SYSTEM32\dhcpcsvc.DLL
0x00007fffc1410000 - 0x00007fffc14f7000 	C:\Windows\SYSTEM32\DNSAPI.dll

dbghelp: loaded successfully - version: 4.0.5 - missing functions: none
symbol engine: initialized successfully - sym options: 0x614 - pdb path: .;C:\Program Files\Android\Android Studio\jre\bin;C:\Windows\SYSTEM32;C:\Windows\WinSxS\amd64_microsoft.windows.common-controls_6595b64144ccf1df_6.0.22000.120_none_9d947278b86cc467;C:\Program Files\Android\Android Studio\jre\bin\server;C:\Users\gadge\.gradle\native\8bec1ad78214c89d9ad589b4d07fe93259594b29d510b10fafb7a158f7737e5d\windows-amd64;C:\Users\gadge\.gradle\native\53dbd7edfb1c66fb8903c78663c9afc45aea4f116125fa6feffd364cf09443e8\windows-amd64

VM Arguments:
jvm_args: --add-opens=java.base/java.util=ALL-UNNAMED --add-opens=java.base/java.lang=ALL-UNNAMED --add-opens=java.base/java.lang.invoke=ALL-UNNAMED --add-opens=java.base/java.util=ALL-UNNAMED --add-opens=java.prefs/java.util.prefs=ALL-UNNAMED --add-opens=java.prefs/java.util.prefs=ALL-UNNAMED --add-opens=java.base/java.nio.charset=ALL-UNNAMED --add-opens=java.base/java.net=ALL-UNNAMED --add-opens=java.base/java.util.concurrent.atomic=ALL-UNNAMED -Xmx2048m -Dfile.encoding=UTF-8 -Duser.country=IN -Duser.language=en -Duser.variant 
java_command: org.gradle.launcher.daemon.bootstrap.GradleDaemon 7.0.2
java_class_path (initial): C:\Users\gadge\.gradle\wrapper\dists\gradle-7.0.2-bin\857tjihv64xamwrf0h14cai3r\gradle-7.0.2\lib\gradle-launcher-7.0.2.jar
Launcher Type: SUN_STANDARD

[Global flags]
     intx CICompilerCount                          = 3                                         {product} {ergonomic}
     uint ConcGCThreads                            = 1                                         {product} {ergonomic}
     uint G1ConcRefinementThreads                  = 4                                         {product} {ergonomic}
   size_t G1HeapRegionSize                         = 1048576                                   {product} {ergonomic}
    uintx GCDrainStackTargetSize                   = 64                                        {product} {ergonomic}
   size_t InitialHeapSize                          = 125829120                                 {product} {ergonomic}
   size_t MarkStackSize                            = 4194304                                   {product} {ergonomic}
   size_t MaxHeapSize                              = 2147483648                                {product} {command line}
   size_t MaxNewSize                               = 1287651328                                {product} {ergonomic}
   size_t MinHeapDeltaBytes                        = 1048576                                   {product} {ergonomic}
    uintx NonNMethodCodeHeapSize                   = 5830732                                {pd product} {ergonomic}
    uintx NonProfiledCodeHeapSize                  = 122913754                              {pd product} {ergonomic}
    uintx ProfiledCodeHeapSize                     = 122913754                              {pd product} {ergonomic}
    uintx ReservedCodeCacheSize                    = 251658240                              {pd product} {ergonomic}
     bool SegmentedCodeCache                       = true                                      {product} {ergonomic}
     bool UseCompressedClassPointers               = true                                 {lp64_product} {ergonomic}
     bool UseCompressedOops                        = true                                 {lp64_product} {ergonomic}
     bool UseG1GC                                  = true                                      {product} {ergonomic}
     bool UseLargePagesIndividualAllocation        = false                                  {pd product} {ergonomic}

Logging:
Log output configuration:
 #0: stdout all=warning uptime,level,tags
 #1: stderr all=off uptime,level,tags

Environment Variables:
PATH=C:\Program Files (x86)\Common Files\Oracle\Java\javapath;C:\Windows\system32;C:\Windows;C:\Windows\System32\Wbem;C:\Windows\System32\WindowsPowerShell\v1.0\;C:\Windows\System32\OpenSSH\;c:\Program Files (x86)\AMD\ATI.ACE\Core-Static;C:\Program Files\Java\jdk1.8.0_311\bin;C:\Program Files\Java\jre1.8.0_311\bin;C:\Program Files\Git\cmd;C:\Program Files\Microsoft VS Code\bin;C:\Program Files\dotnet\;C:\Program Files\Microsoft SQL Server\130\Tools\Binn\;C:\Program Files\Microsoft SQL Server\Client SDK\ODBC\170\Tools\Binn\;C:\Speedtest;C:\Users\gadge\AppData\Local\Microsoft\WindowsApps;;C:\Program Files\JetBrains\IntelliJ IDEA 2021.2.3\bin;;C:\Program Files\JetBrains\PyCharm 2021.2.3\bin;;C:\Program Files\JetBrains\PhpStorm 2021.2.3\bin;;C:\Users\gadge\.dotnet\tools
USERNAME=gadge
OS=Windows_NT
PROCESSOR_IDENTIFIER=AMD64 Family 21 Model 96 Stepping 1, AuthenticAMD



---------------  S Y S T E M  ---------------

OS: Windows 10 , 64 bit Build 22000 (10.0.22000.318)
OS uptime: 0 days 0:41 hours

CPU:total 4 (initial active 4) (4 cores per cpu, 1 threads per core) family 21 model 96 stepping 1 microcode 0x0, cmov, cx8, fxsr, mmx, sse, sse2, sse3, ssse3, sse4.1, sse4.2, popcnt, avx, avx2, aes, clmul, mmxext, 3dnowpref, lzcnt, sse4a, tsc, tscinvbit, tscinv, bmi1, bmi2, fma

Memory: 4k page, system-wide physical 7628M (285M free)
TotalPageFile size 31180M (AvailPageFile size 6M)
current process WorkingSet (physical memory assigned to process): 259M, peak: 408M
current process commit charge ("private bytes"): 449M, peak: 457M

vm_info: OpenJDK 64-Bit Server VM (11.0.10+0-b96-7249189) for windows-amd64 JRE (11.0.10+0-b96-7249189), built on Mar 31 2021 21:44:00 by "builder" with MS VC++ 14.0 (VS2015)

END.
