#
# There is insufficient memory for the Java Runtime Environment to continue.
# Native memory allocation (malloc) failed to allocate 818896 bytes for Chunk::new
# Possible reasons:
#   The system is out of physical RAM or swap space
#   The process is running with CompressedOops enabled, and the Java Heap may be blocking the growth of the native heap
# Possible solutions:
#   Reduce memory load on the system
#   Increase physical memory or swap space
#   Check if swap backing store is full
#   Decrease Java heap size (-Xmx/-Xms)
#   Decrease number of Java threads
#   Decrease Java thread stack sizes (-Xss)
#   Set larger code cache with -XX:ReservedCodeCacheSize=
#   JVM is running with Unscaled Compressed Oops mode in which the Java heap is
#     placed in the first 4GB address space. The Java Heap base address is the
#     maximum limit for the native heap growth. Please use -XX:HeapBaseMinAddress
#     to set the Java Heap base and to place the Java Heap above 4GB virtual address.
# This output file may be truncated or incomplete.
#
#  Out of Memory Error (./src/hotspot/share/memory/arena.cpp:197), pid=4600, tid=5196
#
# JRE version: OpenJDK Runtime Environment (11.0.10) (build 11.0.10+0-b96-7249189)
# Java VM: OpenJDK 64-Bit Server VM (11.0.10+0-b96-7249189, mixed mode, tiered, compressed oops, g1 gc, windows-amd64)
# No core dump will be written. Minidumps are not enabled by default on client versions of Windows
#

---------------  S U M M A R Y ------------

Command Line: --add-opens=java.base/java.util=ALL-UNNAMED --add-opens=java.base/java.lang=ALL-UNNAMED --add-opens=java.base/java.lang.invoke=ALL-UNNAMED --add-opens=java.base/java.util=ALL-UNNAMED --add-opens=java.prefs/java.util.prefs=ALL-UNNAMED --add-opens=java.prefs/java.util.prefs=ALL-UNNAMED --add-opens=java.base/java.nio.charset=ALL-UNNAMED --add-opens=java.base/java.net=ALL-UNNAMED --add-opens=java.base/java.util.concurrent.atomic=ALL-UNNAMED -Xmx2048m -Dfile.encoding=UTF-8 -Duser.country=IN -Duser.language=en -Duser.variant org.gradle.launcher.daemon.bootstrap.GradleDaemon 7.0.2

Host: AMD A10-8700P Radeon R6, 10 Compute Cores 4C+6G, 4 cores, 7G,  Windows 10 , 64 bit Build 19041 (10.0.19041.1348)
Time: Tue Dec 21 21:17:18 2021 India Standard Time elapsed time: 100.317402 seconds (0d 0h 1m 40s)

---------------  T H R E A D  ---------------

Current thread (0x000001b0bf5fd000):  JavaThread "C2 CompilerThread0" daemon [_thread_in_native, id=5196, stack(0x0000002d38a00000,0x0000002d38b00000)]


Current CompileTask:
C2: 100317 12282       4       java.lang.Class::annotationData (44 bytes)

Stack: [0x0000002d38a00000,0x0000002d38b00000]
Native frames: (J=compiled Java code, j=interpreted, Vv=VM code, C=native code)
V  [jvm.dll+0x5ecfaa]
V  [jvm.dll+0x722bd5]
V  [jvm.dll+0x72412d]
V  [jvm.dll+0x7247e3]
V  [jvm.dll+0x242928]
V  [jvm.dll+0xbc4fc]
V  [jvm.dll+0xbca0c]
V  [jvm.dll+0x352d7d]
V  [jvm.dll+0x320ad3]
V  [jvm.dll+0x31ffca]
V  [jvm.dll+0x1fb602]
V  [jvm.dll+0x1fa7f4]
V  [jvm.dll+0x18354c]
V  [jvm.dll+0x208ee7]
V  [jvm.dll+0x207731]
V  [jvm.dll+0x6eb1cf]
V  [jvm.dll+0x6e3d45]
V  [jvm.dll+0x5ebe96]
C  [ucrtbase.dll+0x21bb2]
C  [KERNEL32.DLL+0x17034]
C  [ntdll.dll+0x52651]


---------------  P R O C E S S  ---------------

Threads class SMR info:
_java_thread_list=0x000001b0c5fa5ba0, length=38, elements={
0x000001b0a508d000, 0x000001b0beca4800, 0x000001b0becae000, 0x000001b0bec90800,
0x000001b0bec91800, 0x000001b0bf5f4800, 0x000001b0bf5fd000, 0x000001b0bf609800,
0x000001b0bf60c800, 0x000001b0bf76f000, 0x000001b0c09f7000, 0x000001b0c0c3e000,
0x000001b0bf6e2800, 0x000001b0c0771000, 0x000001b0bfb34800, 0x000001b0bf61b000,
0x000001b0bf61c000, 0x000001b0bf61c800, 0x000001b0c1c99800, 0x000001b0c1c9f800,
0x000001b0c1c9d800, 0x000001b0c1c9b000, 0x000001b0c1c9d000, 0x000001b0c1c9e800,
0x000001b0c1ca4000, 0x000001b0c1ca1000, 0x000001b0c1a33000, 0x000001b0c1a30800,
0x000001b0c1a2e000, 0x000001b0c1a32000, 0x000001b0c1a2d800, 0x000001b0c1a31800,
0x000001b0c1a39800, 0x000001b0c1a36800, 0x000001b0c1a35800, 0x000001b0c1a38000,
0x000001b0c1a37000, 0x000001b0c1a39000
}

Java Threads: ( => current thread )
  0x000001b0a508d000 JavaThread "main" [_thread_blocked, id=9864, stack(0x0000002d37e00000,0x0000002d37f00000)]
  0x000001b0beca4800 JavaThread "Reference Handler" daemon [_thread_blocked, id=12668, stack(0x0000002d38500000,0x0000002d38600000)]
  0x000001b0becae000 JavaThread "Finalizer" daemon [_thread_blocked, id=12248, stack(0x0000002d38600000,0x0000002d38700000)]
  0x000001b0bec90800 JavaThread "Signal Dispatcher" daemon [_thread_blocked, id=11880, stack(0x0000002d38700000,0x0000002d38800000)]
  0x000001b0bec91800 JavaThread "Attach Listener" daemon [_thread_blocked, id=8264, stack(0x0000002d38800000,0x0000002d38900000)]
  0x000001b0bf5f4800 JavaThread "Service Thread" daemon [_thread_blocked, id=10244, stack(0x0000002d38900000,0x0000002d38a00000)]
=>0x000001b0bf5fd000 JavaThread "C2 CompilerThread0" daemon [_thread_in_native, id=5196, stack(0x0000002d38a00000,0x0000002d38b00000)]
  0x000001b0bf609800 JavaThread "C1 CompilerThread0" daemon [_thread_blocked, id=13272, stack(0x0000002d38b00000,0x0000002d38c00000)]
  0x000001b0bf60c800 JavaThread "Sweeper thread" daemon [_thread_blocked, id=5064, stack(0x0000002d38c00000,0x0000002d38d00000)]
  0x000001b0bf76f000 JavaThread "Common-Cleaner" daemon [_thread_blocked, id=14264, stack(0x0000002d38d00000,0x0000002d38e00000)]
  0x000001b0c09f7000 JavaThread "Daemon health stats" [_thread_blocked, id=4176, stack(0x0000002d39000000,0x0000002d39100000)]
  0x000001b0c0c3e000 JavaThread "Incoming local TCP Connector on port 63776" [_thread_in_native, id=16456, stack(0x0000002d39100000,0x0000002d39200000)]
  0x000001b0bf6e2800 JavaThread "Daemon periodic checks" [_thread_blocked, id=4616, stack(0x0000002d39200000,0x0000002d39300000)]
  0x000001b0c0771000 JavaThread "Daemon" [_thread_blocked, id=11972, stack(0x0000002d39300000,0x0000002d39400000)]
  0x000001b0bfb34800 JavaThread "Daemon worker" [_thread_in_Java, id=19236, stack(0x0000002d39600000,0x0000002d39700000)]
  0x000001b0bf61b000 JavaThread "Cache worker for file hash cache (C:\Users\BeWithMaurya\.gradle\caches\7.0.2\fileHashes)" [_thread_blocked, id=18104, stack(0x0000002d39a00000,0x0000002d39b00000)]
  0x000001b0bf61c000 JavaThread "File lock request listener" [_thread_in_native, id=244, stack(0x0000002d39b00000,0x0000002d39c00000)]
  0x000001b0bf61c800 JavaThread "Cache worker for journal cache (C:\Users\BeWithMaurya\.gradle\caches\journal-1)" [_thread_blocked, id=2388, stack(0x0000002d39e00000,0x0000002d39f00000)]
  0x000001b0c1c99800 JavaThread "File watcher server" daemon [_thread_in_native, id=10976, stack(0x0000002d3a000000,0x0000002d3a100000)]
  0x000001b0c1c9f800 JavaThread "File watcher consumer" daemon [_thread_blocked, id=7072, stack(0x0000002d3a100000,0x0000002d3a200000)]
  0x000001b0c1c9d800 JavaThread "jar transforms" [_thread_blocked, id=1992, stack(0x0000002d3a200000,0x0000002d3a300000)]
  0x000001b0c1c9b000 JavaThread "jar transforms Thread 2" [_thread_blocked, id=8436, stack(0x0000002d3a300000,0x0000002d3a400000)]
  0x000001b0c1c9d000 JavaThread "jar transforms Thread 3" [_thread_blocked, id=19348, stack(0x0000002d3a400000,0x0000002d3a500000)]
  0x000001b0c1c9e800 JavaThread "jar transforms Thread 4" [_thread_blocked, id=18612, stack(0x0000002d3a500000,0x0000002d3a600000)]
  0x000001b0c1ca4000 JavaThread "Cache worker for execution history cache (C:\Users\BeWithMaurya\.gradle\caches\7.0.2\executionHistory)" [_thread_blocked, id=13560, stack(0x0000002d3a900000,0x0000002d3aa00000)]
  0x000001b0c1ca1000 JavaThread "Cache worker for file content cache (C:\Users\BeWithMaurya\.gradle\caches\7.0.2\fileContent)" [_thread_blocked, id=21328, stack(0x0000002d3aa00000,0x0000002d3ab00000)]
  0x000001b0c1a33000 JavaThread "Memory manager" [_thread_blocked, id=18416, stack(0x0000002d3b100000,0x0000002d3b200000)]
  0x000001b0c1a30800 JavaThread "Handler for socket connection from /127.0.0.1:63776 to /127.0.0.1:63787" [_thread_in_native, id=8344, stack(0x0000002d37b00000,0x0000002d37c00000)]
  0x000001b0c1a2e000 JavaThread "Cancel handler" [_thread_blocked, id=9468, stack(0x0000002d37c00000,0x0000002d37d00000)]
  0x000001b0c1a32000 JavaThread "Asynchronous log dispatcher for DefaultDaemonConnection: socket connection from /127.0.0.1:63776 to /127.0.0.1:63787" [_thread_blocked, id=2524, stack(0x0000002d37d00000,0x0000002d37e00000)]
  0x000001b0c1a2d800 JavaThread "Stdin handler" [_thread_blocked, id=21200, stack(0x0000002d39400000,0x0000002d39500000)]
  0x000001b0c1a31800 JavaThread "Daemon client event forwarder" [_thread_blocked, id=12980, stack(0x0000002d39500000,0x0000002d39600000)]
  0x000001b0c1a39800 JavaThread "Cache worker for file hash cache (D:\CEG\3rd_Year\5th_Semester\CA5501&CA5511(MobileApplication(Android))\CA5511_Lab\Lab4\LetsChat\.gradle\7.0.2\fileHashes)" [_thread_blocked, id=12960, stack(0x0000002d39700000,0x0000002d39800000)]
  0x000001b0c1a36800 JavaThread "Cache worker for checksums cache (D:\CEG\3rd_Year\5th_Semester\CA5501&CA5511(MobileApplication(Android))\CA5511_Lab\Lab4\LetsChat\.gradle\checksums)" [_thread_blocked, id=14188, stack(0x0000002d39800000,0x0000002d39900000)]
  0x000001b0c1a35800 JavaThread "Cache worker for cache directory md-supplier (C:\Users\BeWithMaurya\.gradle\caches\7.0.2\md-supplier)" [_thread_blocked, id=11496, stack(0x0000002d39900000,0x0000002d39a00000)]
  0x000001b0c1a38000 JavaThread "Cache worker for cache directory md-rule (C:\Users\BeWithMaurya\.gradle\caches\7.0.2\md-rule)" [_thread_blocked, id=5896, stack(0x0000002d39f00000,0x0000002d3a000000)]
  0x000001b0c1a37000 JavaThread "Cache worker for dependencies-accessors (D:\CEG\3rd_Year\5th_Semester\CA5501&CA5511(MobileApplication(Android))\CA5511_Lab\Lab4\LetsChat\.gradle\7.0.2\dependencies-accessors)" [_thread_blocked, id=13720, stack(0x0000002d3a600000,0x0000002d3a700000)]
  0x000001b0c1a39000 JavaThread "Cache worker for Build Output Cleanup Cache (D:\CEG\3rd_Year\5th_Semester\CA5501&CA5511(MobileApplication(Android))\CA5511_Lab\Lab4\LetsChat\.gradle\buildOutputCleanup)" [_thread_blocked, id=18844, stack(0x0000002d3a700000,0x0000002d3a800000)]

Other Threads:
  0x000001b0bec7e800 VMThread "VM Thread" [stack: 0x0000002d38400000,0x0000002d38500000] [id=20196]
  0x000001b0bf785800 WatcherThread [stack: 0x0000002d38e00000,0x0000002d38f00000] [id=10044]
  0x000001b0a50a4800 GCTaskThread "GC Thread#0" [stack: 0x0000002d37f00000,0x0000002d38000000] [id=17904]
  0x000001b0bff68000 GCTaskThread "GC Thread#1" [stack: 0x0000002d38f00000,0x0000002d39000000] [id=11304]
  0x000001b0bf96e800 GCTaskThread "GC Thread#2" [stack: 0x0000002d39c00000,0x0000002d39d00000] [id=19440]
  0x000001b0bf8db000 GCTaskThread "GC Thread#3" [stack: 0x0000002d39d00000,0x0000002d39e00000] [id=12792]
  0x000001b0a50d7000 ConcurrentGCThread "G1 Main Marker" [stack: 0x0000002d38000000,0x0000002d38100000] [id=19512]
  0x000001b0a50d8800 ConcurrentGCThread "G1 Conc#0" [stack: 0x0000002d38100000,0x0000002d38200000] [id=13436]
  0x000001b0beacf800 ConcurrentGCThread "G1 Refine#0" [stack: 0x0000002d38200000,0x0000002d38300000] [id=20928]
  0x000001b0bead0000 ConcurrentGCThread "G1 Young RemSet Sampling" [stack: 0x0000002d38300000,0x0000002d38400000] [id=7552]

Threads with active compile tasks:
C2 CompilerThread0 100428 12282       4       java.lang.Class::annotationData (44 bytes)

VM state:not at safepoint (normal execution)

VM Mutex/Monitor currently owned by a thread: None

Heap address: 0x0000000080000000, size: 2048 MB, Compressed Oops mode: 32-bit
Narrow klass base: 0x0000000000000000, Narrow klass shift: 3
Compressed class space size: 1073741824 Address: 0x0000000100000000

Heap:
 garbage-first heap   total 177152K, used 130574K [0x0000000080000000, 0x0000000100000000)
  region size 1024K, 27 young (27648K), 5 survivors (5120K)
 Metaspace       used 100156K, capacity 102992K, committed 103244K, reserved 1138688K
  class space    used 12876K, capacity 13902K, committed 13952K, reserved 1048576K
Heap Regions: E=young(eden), S=young(survivor), O=old, HS=humongous(starts), HC=humongous(continues), CS=collection set, F=free, A=archive, TAMS=top-at-mark-start (previous, next)
|   0|0x0000000080000000, 0x0000000080100000, 0x0000000080100000|100%| O|  |TAMS 0x0000000080100000, 0x0000000080000000| Untracked 
|   1|0x0000000080100000, 0x0000000080200000, 0x0000000080200000|100%| O|  |TAMS 0x0000000080200000, 0x0000000080100000| Untracked 
|   2|0x0000000080200000, 0x0000000080300000, 0x0000000080300000|100%| O|  |TAMS 0x0000000080300000, 0x0000000080200000| Untracked 
|   3|0x0000000080300000, 0x0000000080400000, 0x0000000080400000|100%|HS|  |TAMS 0x0000000080400000, 0x0000000080300000| Complete 
|   4|0x0000000080400000, 0x0000000080500000, 0x0000000080500000|100%|HC|  |TAMS 0x0000000080500000, 0x0000000080400000| Complete 
|   5|0x0000000080500000, 0x0000000080600000, 0x0000000080600000|100%|HC|  |TAMS 0x0000000080600000, 0x0000000080500000| Complete 
|   6|0x0000000080600000, 0x0000000080700000, 0x0000000080700000|100%| O|  |TAMS 0x0000000080700000, 0x0000000080600000| Untracked 
|   7|0x0000000080700000, 0x0000000080800000, 0x0000000080800000|100%| O|  |TAMS 0x0000000080800000, 0x0000000080700000| Untracked 
|   8|0x0000000080800000, 0x0000000080900000, 0x0000000080900000|100%| O|  |TAMS 0x0000000080900000, 0x0000000080800000| Untracked 
|   9|0x0000000080900000, 0x0000000080a00000, 0x0000000080a00000|100%| O|  |TAMS 0x0000000080a00000, 0x0000000080900000| Untracked 
|  10|0x0000000080a00000, 0x0000000080b00000, 0x0000000080b00000|100%| O|  |TAMS 0x0000000080b00000, 0x0000000080a00000| Untracked 
|  11|0x0000000080b00000, 0x0000000080c00000, 0x0000000080c00000|100%| O|  |TAMS 0x0000000080c00000, 0x0000000080b00000| Untracked 
|  12|0x0000000080c00000, 0x0000000080d00000, 0x0000000080d00000|100%| O|  |TAMS 0x0000000080d00000, 0x0000000080c00000| Untracked 
|  13|0x0000000080d00000, 0x0000000080e00000, 0x0000000080e00000|100%| O|  |TAMS 0x0000000080e00000, 0x0000000080d00000| Untracked 
|  14|0x0000000080e00000, 0x0000000080f00000, 0x0000000080f00000|100%| O|  |TAMS 0x0000000080f00000, 0x0000000080e00000| Untracked 
|  15|0x0000000080f00000, 0x0000000081000000, 0x0000000081000000|100%|HS|  |TAMS 0x0000000081000000, 0x0000000080f00000| Complete 
|  16|0x0000000081000000, 0x0000000081100000, 0x0000000081100000|100%|HC|  |TAMS 0x0000000081100000, 0x0000000081000000| Complete 
|  17|0x0000000081100000, 0x0000000081200000, 0x0000000081200000|100%|HS|  |TAMS 0x0000000081200000, 0x0000000081100000| Complete 
|  18|0x0000000081200000, 0x0000000081300000, 0x0000000081300000|100%|HC|  |TAMS 0x0000000081300000, 0x0000000081200000| Complete 
|  19|0x0000000081300000, 0x0000000081400000, 0x0000000081400000|100%|HC|  |TAMS 0x0000000081400000, 0x0000000081300000| Complete 
|  20|0x0000000081400000, 0x0000000081500000, 0x0000000081500000|100%|HS|  |TAMS 0x0000000081500000, 0x0000000081400000| Complete 
|  21|0x0000000081500000, 0x0000000081600000, 0x0000000081600000|100%|HC|  |TAMS 0x0000000081600000, 0x0000000081500000| Complete 
|  22|0x0000000081600000, 0x0000000081700000, 0x0000000081700000|100%|HC|  |TAMS 0x0000000081700000, 0x0000000081600000| Complete 
|  23|0x0000000081700000, 0x0000000081800000, 0x0000000081800000|100%|HC|  |TAMS 0x0000000081800000, 0x0000000081700000| Complete 
|  24|0x0000000081800000, 0x0000000081900000, 0x0000000081900000|100%|HC|  |TAMS 0x0000000081900000, 0x0000000081800000| Complete 
|  25|0x0000000081900000, 0x0000000081a00000, 0x0000000081a00000|100%| O|  |TAMS 0x0000000081a00000, 0x0000000081900000| Untracked 
|  26|0x0000000081a00000, 0x0000000081b00000, 0x0000000081b00000|100%| O|  |TAMS 0x0000000081b00000, 0x0000000081a00000| Untracked 
|  27|0x0000000081b00000, 0x0000000081c00000, 0x0000000081c00000|100%| O|  |TAMS 0x0000000081c00000, 0x0000000081b00000| Untracked 
|  28|0x0000000081c00000, 0x0000000081d00000, 0x0000000081d00000|100%| O|  |TAMS 0x0000000081d00000, 0x0000000081c00000| Untracked 
|  29|0x0000000081d00000, 0x0000000081e00000, 0x0000000081e00000|100%| O|  |TAMS 0x0000000081e00000, 0x0000000081d00000| Untracked 
|  30|0x0000000081e00000, 0x0000000081f00000, 0x0000000081f00000|100%| O|  |TAMS 0x0000000081f00000, 0x0000000081e00000| Untracked 
|  31|0x0000000081f00000, 0x0000000082000000, 0x0000000082000000|100%| O|  |TAMS 0x0000000082000000, 0x0000000081f00000| Untracked 
|  32|0x0000000082000000, 0x0000000082100000, 0x0000000082100000|100%| O|  |TAMS 0x0000000082100000, 0x0000000082000000| Untracked 
|  33|0x0000000082100000, 0x0000000082200000, 0x0000000082200000|100%|HS|  |TAMS 0x0000000082200000, 0x0000000082100000| Complete 
|  34|0x0000000082200000, 0x0000000082300000, 0x0000000082300000|100%|HC|  |TAMS 0x0000000082300000, 0x0000000082200000| Complete 
|  35|0x0000000082300000, 0x0000000082400000, 0x0000000082400000|100%|HC|  |TAMS 0x0000000082400000, 0x0000000082300000| Complete 
|  36|0x0000000082400000, 0x0000000082500000, 0x0000000082500000|100%|HC|  |TAMS 0x0000000082500000, 0x0000000082400000| Complete 
|  37|0x0000000082500000, 0x0000000082600000, 0x0000000082600000|100%|HC|  |TAMS 0x0000000082600000, 0x0000000082500000| Complete 
|  38|0x0000000082600000, 0x0000000082700000, 0x0000000082700000|100%| O|  |TAMS 0x0000000082700000, 0x0000000082600000| Untracked 
|  39|0x0000000082700000, 0x0000000082800000, 0x0000000082800000|100%| O|  |TAMS 0x0000000082800000, 0x0000000082700000| Untracked 
|  40|0x0000000082800000, 0x0000000082900000, 0x0000000082900000|100%| O|  |TAMS 0x0000000082900000, 0x0000000082800000| Untracked 
|  41|0x0000000082900000, 0x0000000082a00000, 0x0000000082a00000|100%| O|  |TAMS 0x0000000082a00000, 0x0000000082900000| Untracked 
|  42|0x0000000082a00000, 0x0000000082b00000, 0x0000000082b00000|100%| O|  |TAMS 0x0000000082b00000, 0x0000000082a00000| Untracked 
|  43|0x0000000082b00000, 0x0000000082c00000, 0x0000000082c00000|100%| O|  |TAMS 0x0000000082c00000, 0x0000000082b00000| Untracked 
|  44|0x0000000082c00000, 0x0000000082d00000, 0x0000000082d00000|100%|HS|  |TAMS 0x0000000082d00000, 0x0000000082c00000| Complete 
|  45|0x0000000082d00000, 0x0000000082e00000, 0x0000000082e00000|100%|HC|  |TAMS 0x0000000082e00000, 0x0000000082d00000| Complete 
|  46|0x0000000082e00000, 0x0000000082f00000, 0x0000000082f00000|100%|HC|  |TAMS 0x0000000082f00000, 0x0000000082e00000| Complete 
|  47|0x0000000082f00000, 0x0000000083000000, 0x0000000083000000|100%| O|  |TAMS 0x0000000083000000, 0x0000000082f00000| Untracked 
|  48|0x0000000083000000, 0x0000000083100000, 0x0000000083100000|100%| O|  |TAMS 0x0000000083100000, 0x0000000083000000| Untracked 
|  49|0x0000000083100000, 0x0000000083200000, 0x0000000083200000|100%| O|  |TAMS 0x0000000083200000, 0x0000000083100000| Untracked 
|  50|0x0000000083200000, 0x0000000083300000, 0x0000000083300000|100%| O|  |TAMS 0x0000000083300000, 0x0000000083200000| Untracked 
|  51|0x0000000083300000, 0x0000000083400000, 0x0000000083400000|100%| O|  |TAMS 0x0000000083400000, 0x0000000083300000| Untracked 
|  52|0x0000000083400000, 0x0000000083500000, 0x0000000083500000|100%| O|  |TAMS 0x0000000083500000, 0x0000000083400000| Untracked 
|  53|0x0000000083500000, 0x0000000083600000, 0x0000000083600000|100%|HS|  |TAMS 0x0000000083600000, 0x0000000083500000| Complete 
|  54|0x0000000083600000, 0x0000000083700000, 0x0000000083700000|100%|HS|  |TAMS 0x0000000083700000, 0x0000000083600000| Complete 
|  55|0x0000000083700000, 0x0000000083800000, 0x0000000083800000|100%|HS|  |TAMS 0x0000000083800000, 0x0000000083700000| Complete 
|  56|0x0000000083800000, 0x0000000083900000, 0x0000000083900000|100%|HC|  |TAMS 0x0000000083900000, 0x0000000083800000| Complete 
|  57|0x0000000083900000, 0x0000000083a00000, 0x0000000083a00000|100%| O|  |TAMS 0x0000000083a00000, 0x0000000083900000| Untracked 
|  58|0x0000000083a00000, 0x0000000083b00000, 0x0000000083b00000|100%| O|  |TAMS 0x0000000083b00000, 0x0000000083a00000| Untracked 
|  59|0x0000000083b00000, 0x0000000083c00000, 0x0000000083c00000|100%| O|  |TAMS 0x0000000083c00000, 0x0000000083b00000| Untracked 
|  60|0x0000000083c00000, 0x0000000083d00000, 0x0000000083d00000|100%| O|  |TAMS 0x0000000083d00000, 0x0000000083c00000| Untracked 
|  61|0x0000000083d00000, 0x0000000083e00000, 0x0000000083e00000|100%| O|  |TAMS 0x0000000083e00000, 0x0000000083d00000| Untracked 
|  62|0x0000000083e00000, 0x0000000083f00000, 0x0000000083f00000|100%| O|  |TAMS 0x0000000083f00000, 0x0000000083e00000| Untracked 
|  63|0x0000000083f00000, 0x0000000084000000, 0x0000000084000000|100%| O|  |TAMS 0x0000000084000000, 0x0000000083f00000| Untracked 
|  64|0x0000000084000000, 0x0000000084100000, 0x0000000084100000|100%| O|  |TAMS 0x0000000084100000, 0x0000000084000000| Untracked 
|  65|0x0000000084100000, 0x0000000084200000, 0x0000000084200000|100%| O|  |TAMS 0x0000000084200000, 0x0000000084100000| Untracked 
|  66|0x0000000084200000, 0x0000000084300000, 0x0000000084300000|100%| O|  |TAMS 0x0000000084300000, 0x0000000084200000| Untracked 
|  67|0x0000000084300000, 0x0000000084400000, 0x0000000084400000|100%| O|  |TAMS 0x0000000084400000, 0x0000000084300000| Untracked 
|  68|0x0000000084400000, 0x0000000084500000, 0x0000000084500000|100%| O|  |TAMS 0x0000000084500000, 0x0000000084400000| Untracked 
|  69|0x0000000084500000, 0x0000000084600000, 0x0000000084600000|100%| O|  |TAMS 0x0000000084600000, 0x0000000084500000| Untracked 
|  70|0x0000000084600000, 0x0000000084700000, 0x0000000084700000|100%| O|  |TAMS 0x0000000084700000, 0x0000000084600000| Untracked 
|  71|0x0000000084700000, 0x0000000084800000, 0x0000000084800000|100%| O|  |TAMS 0x0000000084800000, 0x0000000084700000| Untracked 
|  72|0x0000000084800000, 0x0000000084900000, 0x0000000084900000|100%| O|  |TAMS 0x0000000084900000, 0x0000000084800000| Untracked 
|  73|0x0000000084900000, 0x0000000084a00000, 0x0000000084a00000|100%| O|  |TAMS 0x0000000084a00000, 0x0000000084900000| Untracked 
|  74|0x0000000084a00000, 0x0000000084b00000, 0x0000000084b00000|100%| O|  |TAMS 0x0000000084b00000, 0x0000000084a00000| Untracked 
|  75|0x0000000084b00000, 0x0000000084c00000, 0x0000000084c00000|100%| O|  |TAMS 0x0000000084c00000, 0x0000000084b00000| Untracked 
|  76|0x0000000084c00000, 0x0000000084d00000, 0x0000000084d00000|100%| O|  |TAMS 0x0000000084d00000, 0x0000000084c00000| Untracked 
|  77|0x0000000084d00000, 0x0000000084e00000, 0x0000000084e00000|100%| O|  |TAMS 0x0000000084e00000, 0x0000000084d00000| Untracked 
|  78|0x0000000084e00000, 0x0000000084f00000, 0x0000000084f00000|100%| O|  |TAMS 0x0000000084f00000, 0x0000000084e00000| Untracked 
|  79|0x0000000084f00000, 0x0000000085000000, 0x0000000085000000|100%| O|  |TAMS 0x0000000085000000, 0x0000000084f00000| Untracked 
|  80|0x0000000085000000, 0x0000000085100000, 0x0000000085100000|100%| O|  |TAMS 0x0000000085100000, 0x0000000085000000| Untracked 
|  81|0x0000000085100000, 0x0000000085200000, 0x0000000085200000|100%| O|  |TAMS 0x0000000085200000, 0x0000000085100000| Untracked 
|  82|0x0000000085200000, 0x0000000085300000, 0x0000000085300000|100%| O|  |TAMS 0x0000000085300000, 0x0000000085200000| Untracked 
|  83|0x0000000085300000, 0x0000000085400000, 0x0000000085400000|100%| O|  |TAMS 0x0000000085400000, 0x0000000085300000| Untracked 
|  84|0x0000000085400000, 0x0000000085500000, 0x0000000085500000|100%| O|  |TAMS 0x0000000085500000, 0x0000000085400000| Untracked 
|  85|0x0000000085500000, 0x0000000085600000, 0x0000000085600000|100%| O|  |TAMS 0x0000000085600000, 0x0000000085500000| Untracked 
|  86|0x0000000085600000, 0x0000000085700000, 0x0000000085700000|100%| O|  |TAMS 0x0000000085700000, 0x0000000085600000| Untracked 
|  87|0x0000000085700000, 0x0000000085800000, 0x0000000085800000|100%| O|  |TAMS 0x0000000085800000, 0x0000000085700000| Untracked 
|  88|0x0000000085800000, 0x0000000085900000, 0x0000000085900000|100%| O|  |TAMS 0x0000000085900000, 0x0000000085800000| Untracked 
|  89|0x0000000085900000, 0x0000000085a00000, 0x0000000085a00000|100%| O|  |TAMS 0x0000000085a00000, 0x0000000085900000| Untracked 
|  90|0x0000000085a00000, 0x0000000085b00000, 0x0000000085b00000|100%| O|  |TAMS 0x0000000085b00000, 0x0000000085a00000| Untracked 
|  91|0x0000000085b00000, 0x0000000085c00000, 0x0000000085c00000|100%| O|  |TAMS 0x0000000085c00000, 0x0000000085b00000| Untracked 
|  92|0x0000000085c00000, 0x0000000085d00000, 0x0000000085d00000|100%| O|  |TAMS 0x0000000085d00000, 0x0000000085c00000| Untracked 
|  93|0x0000000085d00000, 0x0000000085e00000, 0x0000000085e00000|100%| O|  |TAMS 0x0000000085e00000, 0x0000000085d00000| Untracked 
|  94|0x0000000085e00000, 0x0000000085f00000, 0x0000000085f00000|100%| O|  |TAMS 0x0000000085f00000, 0x0000000085e00000| Untracked 
|  95|0x0000000085f00000, 0x0000000086000000, 0x0000000086000000|100%| O|  |TAMS 0x0000000086000000, 0x0000000085f00000| Untracked 
|  96|0x0000000086000000, 0x0000000086100000, 0x0000000086100000|100%| O|  |TAMS 0x0000000086100000, 0x0000000086000000| Untracked 
|  97|0x0000000086100000, 0x0000000086200000, 0x0000000086200000|100%| O|  |TAMS 0x0000000086200000, 0x0000000086100000| Untracked 
|  98|0x0000000086200000, 0x0000000086300000, 0x0000000086300000|100%| O|  |TAMS 0x0000000086300000, 0x0000000086200000| Untracked 
|  99|0x0000000086300000, 0x0000000086400000, 0x0000000086400000|100%| O|  |TAMS 0x0000000086400000, 0x0000000086300000| Untracked 
| 100|0x0000000086400000, 0x0000000086500000, 0x0000000086500000|100%| O|  |TAMS 0x0000000086500000, 0x0000000086400000| Untracked 
| 101|0x0000000086500000, 0x0000000086597800, 0x0000000086600000| 59%| O|  |TAMS 0x0000000086597800, 0x0000000086500000| Untracked 
| 102|0x0000000086600000, 0x0000000086600000, 0x0000000086700000|  0%| F|  |TAMS 0x0000000086600000, 0x0000000086600000| Untracked 
| 103|0x0000000086700000, 0x0000000086700000, 0x0000000086800000|  0%| F|  |TAMS 0x0000000086700000, 0x0000000086700000| Untracked 
| 104|0x0000000086800000, 0x0000000086800000, 0x0000000086900000|  0%| F|  |TAMS 0x0000000086800000, 0x0000000086800000| Untracked 
| 105|0x0000000086900000, 0x0000000086900000, 0x0000000086a00000|  0%| F|  |TAMS 0x0000000086900000, 0x0000000086900000| Untracked 
| 106|0x0000000086a00000, 0x0000000086a00000, 0x0000000086b00000|  0%| F|  |TAMS 0x0000000086a00000, 0x0000000086a00000| Untracked 
| 107|0x0000000086b00000, 0x0000000086b00000, 0x0000000086c00000|  0%| F|  |TAMS 0x0000000086b00000, 0x0000000086b00000| Untracked 
| 108|0x0000000086c00000, 0x0000000086c00000, 0x0000000086d00000|  0%| F|  |TAMS 0x0000000086c00000, 0x0000000086c00000| Untracked 
| 109|0x0000000086d00000, 0x0000000086d00000, 0x0000000086e00000|  0%| F|  |TAMS 0x0000000086d00000, 0x0000000086d00000| Untracked 
| 110|0x0000000086e00000, 0x0000000086e00000, 0x0000000086f00000|  0%| F|  |TAMS 0x0000000086e00000, 0x0000000086e00000| Untracked 
| 111|0x0000000086f00000, 0x0000000086f00000, 0x0000000087000000|  0%| F|  |TAMS 0x0000000086f00000, 0x0000000086f00000| Untracked 
| 112|0x0000000087000000, 0x0000000087000000, 0x0000000087100000|  0%| F|  |TAMS 0x0000000087000000, 0x0000000087000000| Untracked 
| 113|0x0000000087100000, 0x0000000087100000, 0x0000000087200000|  0%| F|  |TAMS 0x0000000087100000, 0x0000000087100000| Untracked 
| 114|0x0000000087200000, 0x0000000087200000, 0x0000000087300000|  0%| F|  |TAMS 0x0000000087200000, 0x0000000087200000| Untracked 
| 115|0x0000000087300000, 0x0000000087300000, 0x0000000087400000|  0%| F|  |TAMS 0x0000000087300000, 0x0000000087300000| Untracked 
| 116|0x0000000087400000, 0x0000000087400000, 0x0000000087500000|  0%| F|  |TAMS 0x0000000087400000, 0x0000000087400000| Untracked 
| 117|0x0000000087500000, 0x0000000087500000, 0x0000000087600000|  0%| F|  |TAMS 0x0000000087500000, 0x0000000087500000| Untracked 
| 118|0x0000000087600000, 0x0000000087600000, 0x0000000087700000|  0%| F|  |TAMS 0x0000000087600000, 0x0000000087600000| Untracked 
| 119|0x0000000087700000, 0x0000000087700000, 0x0000000087800000|  0%| F|  |TAMS 0x0000000087700000, 0x0000000087700000| Untracked 
| 120|0x0000000087800000, 0x0000000087800000, 0x0000000087900000|  0%| F|  |TAMS 0x0000000087800000, 0x0000000087800000| Untracked 
| 121|0x0000000087900000, 0x0000000087900000, 0x0000000087a00000|  0%| F|  |TAMS 0x0000000087900000, 0x0000000087900000| Untracked 
| 122|0x0000000087a00000, 0x0000000087a00000, 0x0000000087b00000|  0%| F|  |TAMS 0x0000000087a00000, 0x0000000087a00000| Untracked 
| 123|0x0000000087b00000, 0x0000000087b00000, 0x0000000087c00000|  0%| F|  |TAMS 0x0000000087b00000, 0x0000000087b00000| Untracked 
| 124|0x0000000087c00000, 0x0000000087cec220, 0x0000000087d00000| 92%| S|CS|TAMS 0x0000000087c00000, 0x0000000087c00000| Complete 
| 125|0x0000000087d00000, 0x0000000087e00000, 0x0000000087e00000|100%| S|CS|TAMS 0x0000000087d00000, 0x0000000087d00000| Complete 
| 126|0x0000000087e00000, 0x0000000087f00000, 0x0000000087f00000|100%| S|CS|TAMS 0x0000000087e00000, 0x0000000087e00000| Complete 
| 127|0x0000000087f00000, 0x0000000088000000, 0x0000000088000000|100%| S|CS|TAMS 0x0000000087f00000, 0x0000000087f00000| Complete 
| 128|0x0000000088000000, 0x0000000088100000, 0x0000000088100000|100%| S|CS|TAMS 0x0000000088000000, 0x0000000088000000| Complete 
| 129|0x0000000088100000, 0x0000000088100000, 0x0000000088200000|  0%| F|  |TAMS 0x0000000088100000, 0x0000000088100000| Untracked 
| 130|0x0000000088200000, 0x0000000088200000, 0x0000000088300000|  0%| F|  |TAMS 0x0000000088200000, 0x0000000088200000| Untracked 
| 131|0x0000000088300000, 0x0000000088300000, 0x0000000088400000|  0%| F|  |TAMS 0x0000000088300000, 0x0000000088300000| Untracked 
| 132|0x0000000088400000, 0x0000000088400000, 0x0000000088500000|  0%| F|  |TAMS 0x0000000088400000, 0x0000000088400000| Untracked 
| 133|0x0000000088500000, 0x0000000088500000, 0x0000000088600000|  0%| F|  |TAMS 0x0000000088500000, 0x0000000088500000| Untracked 
| 134|0x0000000088600000, 0x0000000088600000, 0x0000000088700000|  0%| F|  |TAMS 0x0000000088600000, 0x0000000088600000| Untracked 
| 135|0x0000000088700000, 0x0000000088700000, 0x0000000088800000|  0%| F|  |TAMS 0x0000000088700000, 0x0000000088700000| Untracked 
| 136|0x0000000088800000, 0x0000000088800000, 0x0000000088900000|  0%| F|  |TAMS 0x0000000088800000, 0x0000000088800000| Untracked 
| 137|0x0000000088900000, 0x0000000088900000, 0x0000000088a00000|  0%| F|  |TAMS 0x0000000088900000, 0x0000000088900000| Untracked 
| 138|0x0000000088a00000, 0x0000000088a00000, 0x0000000088b00000|  0%| F|  |TAMS 0x0000000088a00000, 0x0000000088a00000| Untracked 
| 139|0x0000000088b00000, 0x0000000088b00000, 0x0000000088c00000|  0%| F|  |TAMS 0x0000000088b00000, 0x0000000088b00000| Untracked 
| 140|0x0000000088c00000, 0x0000000088c00000, 0x0000000088d00000|  0%| F|  |TAMS 0x0000000088c00000, 0x0000000088c00000| Untracked 
| 141|0x0000000088d00000, 0x0000000088d00000, 0x0000000088e00000|  0%| F|  |TAMS 0x0000000088d00000, 0x0000000088d00000| Untracked 
| 142|0x0000000088e00000, 0x0000000088e00000, 0x0000000088f00000|  0%| F|  |TAMS 0x0000000088e00000, 0x0000000088e00000| Untracked 
| 143|0x0000000088f00000, 0x0000000088f00000, 0x0000000089000000|  0%| F|  |TAMS 0x0000000088f00000, 0x0000000088f00000| Untracked 
| 144|0x0000000089000000, 0x0000000089000000, 0x0000000089100000|  0%| F|  |TAMS 0x0000000089000000, 0x0000000089000000| Untracked 
| 145|0x0000000089100000, 0x0000000089100000, 0x0000000089200000|  0%| F|  |TAMS 0x0000000089100000, 0x0000000089100000| Untracked 
| 146|0x0000000089200000, 0x0000000089200000, 0x0000000089300000|  0%| F|  |TAMS 0x0000000089200000, 0x0000000089200000| Untracked 
| 147|0x0000000089300000, 0x0000000089300000, 0x0000000089400000|  0%| F|  |TAMS 0x0000000089300000, 0x0000000089300000| Untracked 
| 148|0x0000000089400000, 0x0000000089400000, 0x0000000089500000|  0%| F|  |TAMS 0x0000000089400000, 0x0000000089400000| Untracked 
| 149|0x0000000089500000, 0x0000000089500000, 0x0000000089600000|  0%| F|  |TAMS 0x0000000089500000, 0x0000000089500000| Untracked 
| 150|0x0000000089600000, 0x0000000089600000, 0x0000000089700000|  0%| F|  |TAMS 0x0000000089600000, 0x0000000089600000| Untracked 
| 151|0x0000000089700000, 0x0000000089780800, 0x0000000089800000| 50%| E|  |TAMS 0x0000000089700000, 0x0000000089700000| Complete 
| 152|0x0000000089800000, 0x0000000089900000, 0x0000000089900000|100%| E|CS|TAMS 0x0000000089800000, 0x0000000089800000| Complete 
| 153|0x0000000089900000, 0x0000000089a00000, 0x0000000089a00000|100%| E|CS|TAMS 0x0000000089900000, 0x0000000089900000| Complete 
| 154|0x0000000089a00000, 0x0000000089b00000, 0x0000000089b00000|100%| E|CS|TAMS 0x0000000089a00000, 0x0000000089a00000| Complete 
| 155|0x0000000089b00000, 0x0000000089c00000, 0x0000000089c00000|100%| E|CS|TAMS 0x0000000089b00000, 0x0000000089b00000| Complete 
| 156|0x0000000089c00000, 0x0000000089d00000, 0x0000000089d00000|100%| E|CS|TAMS 0x0000000089c00000, 0x0000000089c00000| Complete 
| 157|0x0000000089d00000, 0x0000000089e00000, 0x0000000089e00000|100%| E|CS|TAMS 0x0000000089d00000, 0x0000000089d00000| Complete 
| 158|0x0000000089e00000, 0x0000000089f00000, 0x0000000089f00000|100%| E|CS|TAMS 0x0000000089e00000, 0x0000000089e00000| Complete 
| 159|0x0000000089f00000, 0x000000008a000000, 0x000000008a000000|100%| E|CS|TAMS 0x0000000089f00000, 0x0000000089f00000| Complete 
| 160|0x000000008a000000, 0x000000008a100000, 0x000000008a100000|100%| E|CS|TAMS 0x000000008a000000, 0x000000008a000000| Complete 
| 161|0x000000008a100000, 0x000000008a200000, 0x000000008a200000|100%| E|CS|TAMS 0x000000008a100000, 0x000000008a100000| Complete 
| 162|0x000000008a200000, 0x000000008a300000, 0x000000008a300000|100%| E|CS|TAMS 0x000000008a200000, 0x000000008a200000| Complete 
| 163|0x000000008a300000, 0x000000008a400000, 0x000000008a400000|100%| E|CS|TAMS 0x000000008a300000, 0x000000008a300000| Complete 
| 164|0x000000008a400000, 0x000000008a500000, 0x000000008a500000|100%| E|CS|TAMS 0x000000008a400000, 0x000000008a400000| Complete 
| 165|0x000000008a500000, 0x000000008a600000, 0x000000008a600000|100%| E|CS|TAMS 0x000000008a500000, 0x000000008a500000| Complete 
| 166|0x000000008a600000, 0x000000008a700000, 0x000000008a700000|100%| E|CS|TAMS 0x000000008a600000, 0x000000008a600000| Complete 
| 167|0x000000008a700000, 0x000000008a800000, 0x000000008a800000|100%| E|CS|TAMS 0x000000008a700000, 0x000000008a700000| Complete 
| 168|0x000000008a800000, 0x000000008a900000, 0x000000008a900000|100%| E|CS|TAMS 0x000000008a800000, 0x000000008a800000| Complete 
| 169|0x000000008a900000, 0x000000008aa00000, 0x000000008aa00000|100%| E|CS|TAMS 0x000000008a900000, 0x000000008a900000| Complete 
| 170|0x000000008aa00000, 0x000000008ab00000, 0x000000008ab00000|100%| E|CS|TAMS 0x000000008aa00000, 0x000000008aa00000| Complete 
| 171|0x000000008ab00000, 0x000000008ac00000, 0x000000008ac00000|100%| E|CS|TAMS 0x000000008ab00000, 0x000000008ab00000| Complete 
| 172|0x000000008ac00000, 0x000000008ad00000, 0x000000008ad00000|100%| E|CS|TAMS 0x000000008ac00000, 0x000000008ac00000| Complete 

Card table byte_map: [0x000001b0b7f80000,0x000001b0b8380000] _byte_map_base: 0x000001b0b7b80000

Marking Bits (Prev, Next): (CMBitMap*) 0x000001b0a50cd128, (CMBitMap*) 0x000001b0a50cd160
 Prev Bits: [0x000001b0b8780000, 0x000001b0ba780000)
 Next Bits: [0x000001b0ba780000, 0x000001b0bc780000)

Polling page: 0x000001b0a2f40000

Metaspace:

Usage:
  Non-class:     87.00 MB capacity,    85.24 MB ( 98%) used,     1.47 MB (  2%) free+waste,   299.00 KB ( <1%) overhead. 
      Class:     13.58 MB capacity,    12.57 MB ( 93%) used,   886.35 KB (  6%) free+waste,   139.13 KB (  1%) overhead. 
       Both:    100.58 MB capacity,    97.81 MB ( 97%) used,     2.34 MB (  2%) free+waste,   438.13 KB ( <1%) overhead. 

Virtual space:
  Non-class space:       88.00 MB reserved,      87.20 MB (>99%) committed 
      Class space:        1.00 GB reserved,      13.63 MB (  1%) committed 
             Both:        1.09 GB reserved,     100.82 MB (  9%) committed 

Chunk freelists:
   Non-Class:  18.00 KB
       Class:  18.00 KB
        Both:  36.00 KB

MaxMetaspaceSize: 17179869184.00 GB
CompressedClassSpaceSize: 1.00 GB

CodeHeap 'non-profiled nmethods': size=120064Kb used=6077Kb max_used=6077Kb free=113986Kb
 bounds [0x000001b0b0640000, 0x000001b0b0c30000, 0x000001b0b7b80000]
CodeHeap 'profiled nmethods': size=120000Kb used=25507Kb max_used=25507Kb free=94492Kb
 bounds [0x000001b0a9110000, 0x000001b0aaa00000, 0x000001b0b0640000]
CodeHeap 'non-nmethods': size=5696Kb used=2311Kb max_used=2354Kb free=3384Kb
 bounds [0x000001b0a8b80000, 0x000001b0a8df0000, 0x000001b0a9110000]
 total_blobs=12998 nmethods=12079 adapters=831
 compilation: enabled
              stopped_count=0, restarted_count=0
 full_count=0

Compilation events (20 events):
Event: 100.212 Thread 0x000001b0bf609800 12308       3       org.gradle.internal.service.DefaultServiceRegistry$CompositeServiceProvider::getFactory (49 bytes)
Event: 100.212 Thread 0x000001b0bf609800 nmethod 12308 0x000001b0aa9f0810 code [0x000001b0aa9f09e0, 0x000001b0aa9f0ce8]
Event: 100.212 Thread 0x000001b0bf609800 12309       3       org.gradle.internal.service.DefaultServiceRegistry$SingletonService::isFactory (146 bytes)
Event: 100.215 Thread 0x000001b0bf609800 nmethod 12309 0x000001b0aa9f0e10 code [0x000001b0aa9f1120, 0x000001b0aa9f2298]
Event: 100.216 Thread 0x000001b0bf609800 12310       3       org.gradle.cache.internal.DefaultCrossBuildInMemoryCacheFactory$AbstractCrossBuildInMemoryCache::getIfPresentWithoutLock (43 bytes)
Event: 100.217 Thread 0x000001b0bf609800 nmethod 12310 0x000001b0aa9f2790 code [0x000001b0aa9f2980, 0x000001b0aa9f2d88]
Event: 100.252 Thread 0x000001b0bf609800 12311   !   3       java.nio.DirectByteBuffer::compact (99 bytes)
Event: 100.253 Thread 0x000001b0bf609800 nmethod 12311 0x000001b0aa9f2e90 code [0x000001b0aa9f30c0, 0x000001b0aa9f3768]
Event: 100.253 Thread 0x000001b0bf609800 12312       3       jdk.internal.misc.Unsafe::copyMemory (11 bytes)
Event: 100.254 Thread 0x000001b0bf609800 nmethod 12312 0x000001b0aa9f3a90 code [0x000001b0aa9f3cc0, 0x000001b0aa9f41f8]
Event: 100.266 Thread 0x000001b0bf609800 12314       1       org.gradle.util.GradleVersion::getVersion (5 bytes)
Event: 100.266 Thread 0x000001b0bf609800 nmethod 12314 0x000001b0b0c2f310 code [0x000001b0b0c2f4c0, 0x000001b0b0c2f578]
Event: 100.287 Thread 0x000001b0bf609800 12316       3       java.lang.invoke.BoundMethodHandle$SpeciesData::extendWith (62 bytes)
Event: 100.289 Thread 0x000001b0bf609800 nmethod 12316 0x000001b0aa9f4490 code [0x000001b0aa9f4720, 0x000001b0aa9f5378]
Event: 100.289 Thread 0x000001b0bf609800 12317       3       java.lang.invoke.LambdaFormEditor$Transform::of (51 bytes)
Event: 100.290 Thread 0x000001b0bf609800 nmethod 12317 0x000001b0aa9f5790 code [0x000001b0aa9f59e0, 0x000001b0aa9f6248]
Event: 100.305 Thread 0x000001b0bf609800 12318       3       org.gradle.api.internal.attributes.DefaultImmutableAttributesFactory$$Lambda$355/0x0000000100525440::apply (8 bytes)
Event: 100.306 Thread 0x000001b0bf609800 nmethod 12318 0x000001b0aa9f6590 code [0x000001b0aa9f6780, 0x000001b0aa9f6c78]
Event: 100.307 Thread 0x000001b0bf609800 12320       3       org.gradle.internal.snapshot.impl.StringValueSnapshot::hashCode (5 bytes)
Event: 100.308 Thread 0x000001b0bf609800 nmethod 12320 0x000001b0aa9f6e10 code [0x000001b0aa9f6fe0, 0x000001b0aa9f7208]

GC Heap History (20 events):
Event: 34.448 GC heap before
{Heap before GC invocations=21 (full 0):
 garbage-first heap   total 177152K, used 129920K [0x0000000080000000, 0x0000000100000000)
  region size 1024K, 56 young (57344K), 7 survivors (7168K)
 Metaspace       used 73086K, capacity 75127K, committed 75468K, reserved 1114112K
  class space    used 9414K, capacity 10117K, committed 10240K, reserved 1048576K
}
Event: 34.467 GC heap after
{Heap after GC invocations=22 (full 0):
 garbage-first heap   total 177152K, used 84317K [0x0000000080000000, 0x0000000100000000)
  region size 1024K, 5 young (5120K), 5 survivors (5120K)
 Metaspace       used 73086K, capacity 75127K, committed 75468K, reserved 1114112K
  class space    used 9414K, capacity 10117K, committed 10240K, reserved 1048576K
}
Event: 35.794 GC heap before
{Heap before GC invocations=22 (full 0):
 garbage-first heap   total 177152K, used 133469K [0x0000000080000000, 0x0000000100000000)
  region size 1024K, 53 young (54272K), 5 survivors (5120K)
 Metaspace       used 76154K, capacity 78162K, committed 78412K, reserved 1118208K
  class space    used 9891K, capacity 10567K, committed 10624K, reserved 1048576K
}
Event: 35.817 GC heap after
{Heap after GC invocations=23 (full 0):
 garbage-first heap   total 177152K, used 87490K [0x0000000080000000, 0x0000000100000000)
  region size 1024K, 4 young (4096K), 4 survivors (4096K)
 Metaspace       used 76154K, capacity 78162K, committed 78412K, reserved 1118208K
  class space    used 9891K, capacity 10567K, committed 10624K, reserved 1048576K
}
Event: 37.714 GC heap before
{Heap before GC invocations=24 (full 0):
 garbage-first heap   total 177152K, used 136642K [0x0000000080000000, 0x0000000100000000)
  region size 1024K, 52 young (53248K), 4 survivors (4096K)
 Metaspace       used 79740K, capacity 81922K, committed 81996K, reserved 1120256K
  class space    used 10403K, capacity 11133K, committed 11136K, reserved 1048576K
}
Event: 37.730 GC heap after
{Heap after GC invocations=25 (full 0):
 garbage-first heap   total 177152K, used 89436K [0x0000000080000000, 0x0000000100000000)
  region size 1024K, 6 young (6144K), 6 survivors (6144K)
 Metaspace       used 79740K, capacity 81922K, committed 81996K, reserved 1120256K
  class space    used 10403K, capacity 11133K, committed 11136K, reserved 1048576K
}
Event: 39.422 GC heap before
{Heap before GC invocations=25 (full 0):
 garbage-first heap   total 177152K, used 131420K [0x0000000080000000, 0x0000000100000000)
  region size 1024K, 49 young (50176K), 6 survivors (6144K)
 Metaspace       used 82046K, capacity 84363K, committed 84428K, reserved 1122304K
  class space    used 10685K, capacity 11471K, committed 11520K, reserved 1048576K
}
Event: 39.439 GC heap after
{Heap after GC invocations=26 (full 0):
 garbage-first heap   total 177152K, used 93259K [0x0000000080000000, 0x0000000100000000)
  region size 1024K, 6 young (6144K), 6 survivors (6144K)
 Metaspace       used 82046K, capacity 84363K, committed 84428K, reserved 1122304K
  class space    used 10685K, capacity 11471K, committed 11520K, reserved 1048576K
}
Event: 41.978 GC heap before
{Heap before GC invocations=27 (full 0):
 garbage-first heap   total 177152K, used 143435K [0x0000000080000000, 0x0000000100000000)
  region size 1024K, 54 young (55296K), 6 survivors (6144K)
 Metaspace       used 89076K, capacity 91425K, committed 91724K, reserved 1128448K
  class space    used 11522K, capacity 12318K, committed 12416K, reserved 1048576K
}
Event: 42.007 GC heap after
{Heap after GC invocations=28 (full 0):
 garbage-first heap   total 177152K, used 95053K [0x0000000080000000, 0x0000000100000000)
  region size 1024K, 6 young (6144K), 6 survivors (6144K)
 Metaspace       used 89076K, capacity 91425K, committed 91724K, reserved 1128448K
  class space    used 11522K, capacity 12318K, committed 12416K, reserved 1048576K
}
Event: 44.941 GC heap before
{Heap before GC invocations=28 (full 0):
 garbage-first heap   total 177152K, used 143181K [0x0000000080000000, 0x0000000100000000)
  region size 1024K, 53 young (54272K), 6 survivors (6144K)
 Metaspace       used 91967K, capacity 94584K, committed 94796K, reserved 1130496K
  class space    used 11927K, capacity 12823K, committed 12928K, reserved 1048576K
}
Event: 44.961 GC heap after
{Heap after GC invocations=29 (full 0):
 garbage-first heap   total 177152K, used 98726K [0x0000000080000000, 0x0000000100000000)
  region size 1024K, 6 young (6144K), 6 survivors (6144K)
 Metaspace       used 91967K, capacity 94584K, committed 94796K, reserved 1130496K
  class space    used 11927K, capacity 12823K, committed 12928K, reserved 1048576K
}
Event: 46.837 GC heap before
{Heap before GC invocations=30 (full 0):
 garbage-first heap   total 177152K, used 144806K [0x0000000080000000, 0x0000000100000000)
  region size 1024K, 52 young (53248K), 6 survivors (6144K)
 Metaspace       used 92324K, capacity 94889K, committed 95052K, reserved 1132544K
  class space    used 11933K, capacity 12826K, committed 12928K, reserved 1048576K
}
Event: 46.861 GC heap after
{Heap after GC invocations=31 (full 0):
 garbage-first heap   total 177152K, used 101765K [0x0000000080000000, 0x0000000100000000)
  region size 1024K, 7 young (7168K), 7 survivors (7168K)
 Metaspace       used 92324K, capacity 94889K, committed 95052K, reserved 1132544K
  class space    used 11933K, capacity 12826K, committed 12928K, reserved 1048576K
}
Event: 48.522 GC heap before
{Heap before GC invocations=31 (full 0):
 garbage-first heap   total 177152K, used 145797K [0x0000000080000000, 0x0000000100000000)
  region size 1024K, 51 young (52224K), 7 survivors (7168K)
 Metaspace       used 93039K, capacity 95614K, committed 95820K, reserved 1132544K
  class space    used 11992K, capacity 12910K, committed 12928K, reserved 1048576K
}
Event: 48.546 GC heap after
{Heap after GC invocations=32 (full 0):
 garbage-first heap   total 177152K, used 105379K [0x0000000080000000, 0x0000000100000000)
  region size 1024K, 7 young (7168K), 7 survivors (7168K)
 Metaspace       used 93039K, capacity 95614K, committed 95820K, reserved 1132544K
  class space    used 11992K, capacity 12910K, committed 12928K, reserved 1048576K
}
Event: 51.166 GC heap before
{Heap before GC invocations=33 (full 0):
 garbage-first heap   total 177152K, used 147363K [0x0000000080000000, 0x0000000100000000)
  region size 1024K, 48 young (49152K), 7 survivors (7168K)
 Metaspace       used 96711K, capacity 99509K, committed 99788K, reserved 1136640K
  class space    used 12484K, capacity 13484K, committed 13568K, reserved 1048576K
}
Event: 51.182 GC heap after
{Heap after GC invocations=34 (full 0):
 garbage-first heap   total 177152K, used 106672K [0x0000000080000000, 0x0000000100000000)
  region size 1024K, 3 young (3072K), 3 survivors (3072K)
 Metaspace       used 96711K, capacity 99509K, committed 99788K, reserved 1136640K
  class space    used 12484K, capacity 13484K, committed 13568K, reserved 1048576K
}
Event: 52.685 GC heap before
{Heap before GC invocations=34 (full 0):
 garbage-first heap   total 177152K, used 147632K [0x0000000080000000, 0x0000000100000000)
  region size 1024K, 44 young (45056K), 3 survivors (3072K)
 Metaspace       used 98362K, capacity 101127K, committed 101196K, reserved 1136640K
  class space    used 12687K, capacity 13678K, committed 13696K, reserved 1048576K
}
Event: 52.699 GC heap after
{Heap after GC invocations=35 (full 0):
 garbage-first heap   total 177152K, used 109070K [0x0000000080000000, 0x0000000100000000)
  region size 1024K, 5 young (5120K), 5 survivors (5120K)
 Metaspace       used 98362K, capacity 101127K, committed 101196K, reserved 1136640K
  class space    used 12687K, capacity 13678K, committed 13696K, reserved 1048576K
}

Deoptimization events (20 events):
Event: 54.116 Thread 0x000001b0bfb34000 DEOPT PACKING pc=0x000001b0b0a44d7c sp=0x0000002d394fef30
Event: 54.116 Thread 0x000001b0bfb34000 DEOPT UNPACKING pc=0x000001b0a8ba73af sp=0x0000002d394fee58 mode 2
Event: 56.618 Thread 0x000001b0bf6e2800 Uncommon trap: trap_request=0xffffff4d fr.pc=0x000001b0b06716f8 relative=0x00000000000005b8
Event: 56.618 Thread 0x000001b0bf6e2800 Uncommon trap: reason=unstable_if action=reinterpret pc=0x000001b0b06716f8 method=java.lang.AbstractStringBuilder.append(Ljava/lang/String;)Ljava/lang/AbstractStringBuilder; @ 1 c2
Event: 56.618 Thread 0x000001b0bf6e2800 DEOPT PACKING pc=0x000001b0b06716f8 sp=0x0000002d392fe780
Event: 56.619 Thread 0x000001b0bf6e2800 DEOPT UNPACKING pc=0x000001b0a8ba73af sp=0x0000002d392fe6f0 mode 2
Event: 56.620 Thread 0x000001b0bf6e2800 Uncommon trap: trap_request=0xffffff4d fr.pc=0x000001b0b09e0358 relative=0x0000000000000678
Event: 56.620 Thread 0x000001b0bf6e2800 Uncommon trap: reason=unstable_if action=reinterpret pc=0x000001b0b09e0358 method=java.lang.AbstractStringBuilder.append(Ljava/lang/String;)Ljava/lang/AbstractStringBuilder; @ 1 c2
Event: 56.620 Thread 0x000001b0bf6e2800 DEOPT PACKING pc=0x000001b0b09e0358 sp=0x0000002d392fe720
Event: 56.620 Thread 0x000001b0bf6e2800 DEOPT UNPACKING pc=0x000001b0a8ba73af sp=0x0000002d392fe6f8 mode 2
Event: 99.771 Thread 0x000001b0c0c3e000 DEOPT PACKING pc=0x000001b0a9f412a8 sp=0x0000002d391fcae0
Event: 99.771 Thread 0x000001b0c0c3e000 DEOPT UNPACKING pc=0x000001b0a8ba71ce sp=0x0000002d391fbf98 mode 0
Event: 99.948 Thread 0x000001b0bfb34800 Uncommon trap: trap_request=0xffffff4d fr.pc=0x000001b0b0b8f69c relative=0x00000000000008bc
Event: 99.948 Thread 0x000001b0bfb34800 Uncommon trap: reason=unstable_if action=reinterpret pc=0x000001b0b0b8f69c method=org.gradle.cache.internal.DefaultCrossBuildInMemoryCacheFactory$AbstractCrossBuildInMemoryCache.getIfPresentWithoutLock(Ljava/lang/Object;)Ljava/lang/Object; @ 24 c2
Event: 99.948 Thread 0x000001b0bfb34800 DEOPT PACKING pc=0x000001b0b0b8f69c sp=0x0000002d396fd030
Event: 99.948 Thread 0x000001b0bfb34800 DEOPT UNPACKING pc=0x000001b0a8ba73af sp=0x0000002d396fd008 mode 2
Event: 99.968 Thread 0x000001b0bfb34800 Uncommon trap: trap_request=0xffffffc6 fr.pc=0x000001b0b0b4ece0 relative=0x0000000000000280
Event: 99.968 Thread 0x000001b0bfb34800 Uncommon trap: reason=bimorphic_or_optimized_type_check action=maybe_recompile pc=0x000001b0b0b4ece0 method=java.util.stream.ReduceOps$ReduceOp.evaluateSequential(Ljava/util/stream/PipelineHelper;Ljava/util/Spliterator;)Ljava/lang/Object; @ 2 c2
Event: 99.969 Thread 0x000001b0bfb34800 DEOPT PACKING pc=0x000001b0b0b4ece0 sp=0x0000002d396fbfb0
Event: 99.969 Thread 0x000001b0bfb34800 DEOPT UNPACKING pc=0x000001b0a8ba73af sp=0x0000002d396fbf30 mode 2

Classes redefined (0 events):
No events

Internal exceptions (20 events):
Event: 52.728 Thread 0x000001b0bfb34800 Exception <a 'java/lang/ClassNotFoundException'{0x000000008ab5a5a8}: org/gradle/api/plugins/JavaPluginConventionCustomizer> (0x000000008ab5a5a8) thrown at [./src/hotspot/share/classfile/systemDictionary.cpp, line 231]
Event: 52.730 Thread 0x000001b0bfb34800 Exception <a 'java/lang/ClassNotFoundException'{0x000000008ab92fc8}: org/gradle/api/plugins/internal/DefaultJavaPluginConventionCustomizer> (0x000000008ab92fc8) thrown at [./src/hotspot/share/classfile/systemDictionary.cpp, line 231]
Event: 52.737 Thread 0x000001b0bfb34800 Exception <a 'java/lang/ClassNotFoundException'{0x000000008aa07b60}: org/gradle/api/plugins/internal/DefaultBasePluginConventionBeanInfo> (0x000000008aa07b60) thrown at [./src/hotspot/share/classfile/systemDictionary.cpp, line 231]
Event: 52.738 Thread 0x000001b0bfb34800 Exception <a 'java/lang/ClassNotFoundException'{0x000000008aa284e8}: org/gradle/api/plugins/BasePluginConventionBeanInfo> (0x000000008aa284e8) thrown at [./src/hotspot/share/classfile/systemDictionary.cpp, line 231]
Event: 52.740 Thread 0x000001b0bfb34800 Exception <a 'java/lang/ClassNotFoundException'{0x000000008aa48f68}: org/gradle/api/plugins/BasePluginConventionCustomizer> (0x000000008aa48f68) thrown at [./src/hotspot/share/classfile/systemDictionary.cpp, line 231]
Event: 52.742 Thread 0x000001b0bfb34800 Exception <a 'java/lang/ClassNotFoundException'{0x000000008aa77ae0}: org/gradle/api/plugins/internal/DefaultBasePluginConventionCustomizer> (0x000000008aa77ae0) thrown at [./src/hotspot/share/classfile/systemDictionary.cpp, line 231]
Event: 53.207 Thread 0x000001b0bf61a800 Exception <a 'java/lang/NoSuchMethodError'{0x000000008a00d1c0}: <clinit>> (0x000000008a00d1c0) thrown at [./src/hotspot/share/prims/jni.cpp, line 1362]
Event: 53.213 Thread 0x000001b0bf61a800 Exception <a 'java/lang/NoSuchMethodError'{0x000000008a02a970}: <clinit>> (0x000000008a02a970) thrown at [./src/hotspot/share/prims/jni.cpp, line 1362]
Event: 53.217 Thread 0x000001b0bf61a800 Exception <a 'java/lang/NoSuchMethodError'{0x000000008a03ab10}: <clinit>> (0x000000008a03ab10) thrown at [./src/hotspot/share/prims/jni.cpp, line 1362]
Event: 53.312 Thread 0x000001b0bfb34800 Exception <a 'java/lang/NoSuchMethodError'{0x000000008a1e43c8}: 'java.lang.Object java.lang.invoke.Invokers$Holder.linkToTargetMethod(java.lang.Object, java.lang.Object, java.lang.Object, int, java.lang.Object, java.lang.Object)'> (0x000000008a1e43c8) thrown at [./src/hotspot/share/interpreter/linkResolver.cpp, line 773]
Event: 53.321 Thread 0x000001b0bfb34800 Exception <a 'java/lang/NoSuchMethodError'{0x000000008a069a00}: 'int java.lang.invoke.DirectMethodHandle$Holder.invokeVirtual(java.lang.Object, java.lang.Object, java.lang.Object)'> (0x000000008a069a00) thrown at [./src/hotspot/share/interpreter/linkResolver.cpp, line 773]
Event: 53.322 Thread 0x000001b0bfb34800 Exception <a 'java/lang/IncompatibleClassChangeError'{0x000000008a072e40}: Found class java.lang.Object, but interface was expected> (0x000000008a072e40) thrown at [./src/hotspot/share/interpreter/linkResolver.cpp, line 839]
Event: 56.618 Thread 0x000001b0bf6e2800 Implicit null exception at 0x000001b0b0671174 to 0x000001b0b06716e0
Event: 56.620 Thread 0x000001b0bf6e2800 Implicit null exception at 0x000001b0b09dfd14 to 0x000001b0b09e0340
Event: 99.841 Thread 0x000001b0c1a30800 Exception <a 'java/lang/NoSuchMethodError'{0x0000000089b43760}: <clinit>> (0x0000000089b43760) thrown at [./src/hotspot/share/prims/jni.cpp, line 1362]
Event: 100.088 Thread 0x000001b0c1a31800 Exception <a 'java/lang/NoSuchMethodError'{0x0000000089b99fd0}: <clinit>> (0x0000000089b99fd0) thrown at [./src/hotspot/share/prims/jni.cpp, line 1362]
Event: 100.089 Thread 0x000001b0c1a31800 Exception <a 'java/lang/NoSuchMethodError'{0x0000000089b9b5c0}: <clinit>> (0x0000000089b9b5c0) thrown at [./src/hotspot/share/prims/jni.cpp, line 1362]
Event: 100.096 Thread 0x000001b0c1a31800 Exception <a 'java/lang/NoSuchMethodError'{0x0000000089989840}: <clinit>> (0x0000000089989840) thrown at [./src/hotspot/share/prims/jni.cpp, line 1362]
Event: 100.097 Thread 0x000001b0c1a31800 Exception <a 'java/lang/NoSuchMethodError'{0x000000008998b690}: <clinit>> (0x000000008998b690) thrown at [./src/hotspot/share/prims/jni.cpp, line 1362]
Event: 100.103 Thread 0x000001b0c1a31800 Exception <a 'java/lang/NoSuchMethodError'{0x0000000089992c68}: <clinit>> (0x0000000089992c68) thrown at [./src/hotspot/share/prims/jni.cpp, line 1362]

Events (20 events):
Event: 100.144 loading class org/gradle/tooling/internal/protocol/events/InternalPluginIdentifier done
Event: 100.144 loading class org/gradle/tooling/internal/provider/runner/PluginApplicationTracker$PluginApplication
Event: 100.144 loading class org/gradle/tooling/internal/provider/runner/PluginApplicationTracker$PluginApplication done
Event: 100.144 loading class org/gradle/tooling/internal/protocol/events/InternalPluginIdentifier
Event: 100.144 loading class org/gradle/tooling/internal/protocol/events/InternalPluginIdentifier done
Event: 100.145 loading class org/gradle/internal/operations/OperationIdentifier
Event: 100.145 loading class org/gradle/internal/operations/OperationIdentifier done
Event: 100.145 loading class org/gradle/tooling/internal/provider/runner/PluginApplicationTracker
Event: 100.145 loading class org/gradle/tooling/internal/provider/runner/PluginApplicationTracker done
Event: 100.148 loading class org/gradle/tooling/internal/protocol/events/InternalPluginIdentifier
Event: 100.148 loading class org/gradle/tooling/internal/protocol/events/InternalPluginIdentifier done
Event: 100.148 loading class org/gradle/tooling/internal/provider/runner/ClientForwardingProjectConfigurationOperationListener$PluginApplicationResult
Event: 100.148 loading class org/gradle/tooling/internal/provider/runner/ClientForwardingProjectConfigurationOperationListener$PluginApplicationResult done
Event: 100.151 loading class org/gradle/tooling/internal/protocol/events/InternalPluginIdentifier
Event: 100.151 loading class org/gradle/tooling/internal/protocol/events/InternalPluginIdentifier done
Event: 100.151 loading class org/gradle/tooling/internal/protocol/events/InternalPluginIdentifier
Event: 100.151 loading class org/gradle/tooling/internal/protocol/events/InternalPluginIdentifier done
Event: 100.154 loading class org/gradle/tooling/internal/protocol/events/InternalProjectConfigurationResult$InternalPluginApplicationResult
Event: 100.154 loading class org/gradle/tooling/internal/protocol/events/InternalProjectConfigurationResult$InternalPluginApplicationResult done
Event: 100.277 Thread 0x000001b0c1a39000 Thread added: 0x000001b0c1a39000


Dynamic libraries:
0x00007ff7d0f30000 - 0x00007ff7d0f3a000 	C:\Program Files\Android\Android Studio\jre\bin\java.exe
0x00007ffd70b50000 - 0x00007ffd70d45000 	C:\Windows\SYSTEM32\ntdll.dll
0x00007ffd70670000 - 0x00007ffd7072e000 	C:\Windows\System32\KERNEL32.DLL
0x00007ffd6e3c0000 - 0x00007ffd6e688000 	C:\Windows\System32\KERNELBASE.dll
0x00007ffd6e8b0000 - 0x00007ffd6e9b0000 	C:\Windows\System32\ucrtbase.dll
0x00007ffd689f0000 - 0x00007ffd68a09000 	C:\Program Files\Android\Android Studio\jre\bin\jli.dll
0x00007ffd68a60000 - 0x00007ffd68a77000 	C:\Program Files\Android\Android Studio\jre\bin\VCRUNTIME140.dll
0x00007ffd6f480000 - 0x00007ffd6f621000 	C:\Windows\System32\USER32.dll
0x00007ffd5f400000 - 0x00007ffd5f69a000 	C:\Windows\WinSxS\amd64_microsoft.windows.common-controls_6595b64144ccf1df_6.0.19041.1110_none_60b5254171f9507e\COMCTL32.dll
0x00007ffd6eb60000 - 0x00007ffd6eb82000 	C:\Windows\System32\win32u.dll
0x00007ffd709c0000 - 0x00007ffd70a5e000 	C:\Windows\System32\msvcrt.dll
0x00007ffd70630000 - 0x00007ffd7065b000 	C:\Windows\System32\GDI32.dll
0x00007ffd6ea50000 - 0x00007ffd6eb5d000 	C:\Windows\System32\gdi32full.dll
0x00007ffd6e9b0000 - 0x00007ffd6ea4d000 	C:\Windows\System32\msvcp_win.dll
0x00007ffd6efc0000 - 0x00007ffd6eff0000 	C:\Windows\System32\IMM32.DLL
0x00007ffd5c220000 - 0x00007ffd5c2bd000 	C:\Program Files\Android\Android Studio\jre\bin\msvcp140.dll
0x00007ffd3cd30000 - 0x00007ffd3d7ff000 	C:\Program Files\Android\Android Studio\jre\bin\server\jvm.dll
0x00007ffd6fb50000 - 0x00007ffd6fbfc000 	C:\Windows\System32\ADVAPI32.dll
0x00007ffd6fab0000 - 0x00007ffd6fb4b000 	C:\Windows\System32\sechost.dll
0x00007ffd6fc00000 - 0x00007ffd6fd2a000 	C:\Windows\System32\RPCRT4.dll
0x00007ffd6f470000 - 0x00007ffd6f478000 	C:\Windows\System32\PSAPI.DLL
0x00007ffd68d40000 - 0x00007ffd68d49000 	C:\Windows\SYSTEM32\WSOCK32.dll
0x00007ffd6ef50000 - 0x00007ffd6efbb000 	C:\Windows\System32\WS2_32.dll
0x00007ffd66390000 - 0x00007ffd663b7000 	C:\Windows\SYSTEM32\WINMM.dll
0x00007ffd66380000 - 0x00007ffd6638a000 	C:\Windows\SYSTEM32\VERSION.dll
0x00007ffd6c150000 - 0x00007ffd6c162000 	C:\Windows\SYSTEM32\kernel.appcore.dll
0x00007ffd67540000 - 0x00007ffd67551000 	C:\Program Files\Android\Android Studio\jre\bin\verify.dll
0x00007ffd62a10000 - 0x00007ffd62bf4000 	C:\Windows\SYSTEM32\DBGHELP.DLL
0x00007ffd629e0000 - 0x00007ffd62a0c000 	C:\Windows\SYSTEM32\dbgcore.DLL
0x00007ffd6e740000 - 0x00007ffd6e7c2000 	C:\Windows\System32\bcryptPrimitives.dll
0x00007ffd62cf0000 - 0x00007ffd62d19000 	C:\Program Files\Android\Android Studio\jre\bin\java.dll
0x00007ffd68b00000 - 0x00007ffd68b0b000 	C:\Program Files\Android\Android Studio\jre\bin\jimage.dll
0x00007ffd67520000 - 0x00007ffd67538000 	C:\Program Files\Android\Android Studio\jre\bin\zip.dll
0x00007ffd6fd30000 - 0x00007ffd70474000 	C:\Windows\System32\SHELL32.dll
0x00007ffd6c350000 - 0x00007ffd6cae4000 	C:\Windows\SYSTEM32\windows.storage.dll
0x00007ffd6eb90000 - 0x00007ffd6eee5000 	C:\Windows\System32\combase.dll
0x00007ffd6dbe0000 - 0x00007ffd6dc0e000 	C:\Windows\SYSTEM32\Wldp.dll
0x00007ffd6f630000 - 0x00007ffd6f6dd000 	C:\Windows\System32\SHCORE.dll
0x00007ffd6f7d0000 - 0x00007ffd6f825000 	C:\Windows\System32\shlwapi.dll
0x00007ffd6e1a0000 - 0x00007ffd6e1bf000 	C:\Windows\SYSTEM32\profapi.dll
0x00007ffd636d0000 - 0x00007ffd636ea000 	C:\Program Files\Android\Android Studio\jre\bin\net.dll
0x00007ffd62440000 - 0x00007ffd6254c000 	C:\Windows\SYSTEM32\WINHTTP.dll
0x00007ffd6d940000 - 0x00007ffd6d9aa000 	C:\Windows\system32\mswsock.dll
0x00007ffd62c40000 - 0x00007ffd62c54000 	C:\Program Files\Android\Android Studio\jre\bin\nio.dll
0x00007ffd5e910000 - 0x00007ffd5e937000 	C:\Users\BeWithMaurya\.gradle\native\8bec1ad78214c89d9ad589b4d07fe93259594b29d510b10fafb7a158f7737e5d\windows-amd64\native-platform.dll
0x00007ffd53970000 - 0x00007ffd53aad000 	C:\Users\BeWithMaurya\.gradle\native\53dbd7edfb1c66fb8903c78663c9afc45aea4f116125fa6feffd364cf09443e8\windows-amd64\native-platform-file-events.dll
0x00007ffd67ca0000 - 0x00007ffd67caa000 	C:\Program Files\Android\Android Studio\jre\bin\management.dll
0x00007ffd674c0000 - 0x00007ffd674cc000 	C:\Program Files\Android\Android Studio\jre\bin\management_ext.dll
0x00007ffd6db40000 - 0x00007ffd6db58000 	C:\Windows\SYSTEM32\CRYPTSP.dll
0x00007ffd6d2c0000 - 0x00007ffd6d2f4000 	C:\Windows\system32\rsaenh.dll
0x00007ffd6e7d0000 - 0x00007ffd6e7f7000 	C:\Windows\System32\bcrypt.dll
0x00007ffd6e160000 - 0x00007ffd6e18e000 	C:\Windows\SYSTEM32\USERENV.dll
0x00007ffd6db30000 - 0x00007ffd6db3c000 	C:\Windows\SYSTEM32\CRYPTBASE.dll
0x00007ffd6d630000 - 0x00007ffd6d66b000 	C:\Windows\SYSTEM32\IPHLPAPI.DLL
0x00007ffd70660000 - 0x00007ffd70668000 	C:\Windows\System32\NSI.dll
0x00007ffd65150000 - 0x00007ffd65167000 	C:\Windows\SYSTEM32\dhcpcsvc6.DLL
0x00007ffd66620000 - 0x00007ffd6663d000 	C:\Windows\SYSTEM32\dhcpcsvc.DLL
0x00007ffd6d670000 - 0x00007ffd6d73b000 	C:\Windows\SYSTEM32\DNSAPI.dll

dbghelp: loaded successfully - version: 4.0.5 - missing functions: none
symbol engine: initialized successfully - sym options: 0x614 - pdb path: .;C:\Program Files\Android\Android Studio\jre\bin;C:\Windows\SYSTEM32;C:\Windows\WinSxS\amd64_microsoft.windows.common-controls_6595b64144ccf1df_6.0.19041.1110_none_60b5254171f9507e;C:\Program Files\Android\Android Studio\jre\bin\server;C:\Users\BeWithMaurya\.gradle\native\8bec1ad78214c89d9ad589b4d07fe93259594b29d510b10fafb7a158f7737e5d\windows-amd64;C:\Users\BeWithMaurya\.gradle\native\53dbd7edfb1c66fb8903c78663c9afc45aea4f116125fa6feffd364cf09443e8\windows-amd64

VM Arguments:
jvm_args: --add-opens=java.base/java.util=ALL-UNNAMED --add-opens=java.base/java.lang=ALL-UNNAMED --add-opens=java.base/java.lang.invoke=ALL-UNNAMED --add-opens=java.base/java.util=ALL-UNNAMED --add-opens=java.prefs/java.util.prefs=ALL-UNNAMED --add-opens=java.prefs/java.util.prefs=ALL-UNNAMED --add-opens=java.base/java.nio.charset=ALL-UNNAMED --add-opens=java.base/java.net=ALL-UNNAMED --add-opens=java.base/java.util.concurrent.atomic=ALL-UNNAMED -Xmx2048m -Dfile.encoding=UTF-8 -Duser.country=IN -Duser.language=en -Duser.variant 
java_command: org.gradle.launcher.daemon.bootstrap.GradleDaemon 7.0.2
java_class_path (initial): C:\Users\BeWithMaurya\.gradle\wrapper\dists\gradle-7.0.2-bin\857tjihv64xamwrf0h14cai3r\gradle-7.0.2\lib\gradle-launcher-7.0.2.jar
Launcher Type: SUN_STANDARD

[Global flags]
     intx CICompilerCount                          = 3                                         {product} {ergonomic}
     uint ConcGCThreads                            = 1                                         {product} {ergonomic}
     uint G1ConcRefinementThreads                  = 4                                         {product} {ergonomic}
   size_t G1HeapRegionSize                         = 1048576                                   {product} {ergonomic}
    uintx GCDrainStackTargetSize                   = 64                                        {product} {ergonomic}
   size_t InitialHeapSize                          = 125829120                                 {product} {ergonomic}
   size_t MarkStackSize                            = 4194304                                   {product} {ergonomic}
   size_t MaxHeapSize                              = 2147483648                                {product} {command line}
   size_t MaxNewSize                               = 1287651328                                {product} {ergonomic}
   size_t MinHeapDeltaBytes                        = 1048576                                   {product} {ergonomic}
    uintx NonNMethodCodeHeapSize                   = 5830732                                {pd product} {ergonomic}
    uintx NonProfiledCodeHeapSize                  = 122913754                              {pd product} {ergonomic}
    uintx ProfiledCodeHeapSize                     = 122913754                              {pd product} {ergonomic}
    uintx ReservedCodeCacheSize                    = 251658240                              {pd product} {ergonomic}
     bool SegmentedCodeCache                       = true                                      {product} {ergonomic}
     bool UseCompressedClassPointers               = true                                 {lp64_product} {ergonomic}
     bool UseCompressedOops                        = true                                 {lp64_product} {ergonomic}
     bool UseG1GC                                  = true                                      {product} {ergonomic}
     bool UseLargePagesIndividualAllocation        = false                                  {pd product} {ergonomic}

Logging:
Log output configuration:
 #0: stdout all=warning uptime,level,tags
 #1: stderr all=off uptime,level,tags

Environment Variables:
PATH=C:\Program Files\Python310\Scripts\;C:\Program Files\Python310\;C:\Program Files\Common Files\Oracle\Java\javapath;C:\Program Files (x86)\Common Files\Oracle\Java\javapath;C:\Windows\system32;C:\Windows;C:\Windows\System32\Wbem;C:\Windows\System32\WindowsPowerShell\v1.0\;C:\Windows\System32\OpenSSH\;c:\Program Files (x86)\AMD\ATI.ACE\Core-Static;C:\Java\jdk-17.0.1\bin;C:\Java\jre1.8.0_311\bin;C:\Program Files\Microsoft VS Code\bin;C:\Program Files\Git\cmd;C:\Program Files\nodejs\;C:\msys64\mingw64\bin;C:\Users\BeWithMaurya\AppData\Local\Microsoft\WindowsApps;C:\Users\BeWithMaurya\AppData\Roaming\npm;C:\Users\BeWithMaurya\AppData\Local\Android\Sdk\tools\bin;
USERNAME=BeWithMaurya
OS=Windows_NT
PROCESSOR_IDENTIFIER=AMD64 Family 21 Model 96 Stepping 1, AuthenticAMD



---------------  S Y S T E M  ---------------

OS: Windows 10 , 64 bit Build 19041 (10.0.19041.1348)
OS uptime: 1 days 6:26 hours

CPU:total 4 (initial active 4) (4 cores per cpu, 1 threads per core) family 21 model 96 stepping 1 microcode 0x0, cmov, cx8, fxsr, mmx, sse, sse2, sse3, ssse3, sse4.1, sse4.2, popcnt, avx, avx2, aes, clmul, mmxext, 3dnowpref, lzcnt, sse4a, tsc, tscinvbit, tscinv, bmi1, bmi2, fma

Memory: 4k page, system-wide physical 7628M (274M free)
TotalPageFile size 31180M (AvailPageFile size 0M)
current process WorkingSet (physical memory assigned to process): 370M, peak: 389M
current process commit charge ("private bytes"): 445M, peak: 460M

vm_info: OpenJDK 64-Bit Server VM (11.0.10+0-b96-7249189) for windows-amd64 JRE (11.0.10+0-b96-7249189), built on Mar 31 2021 21:44:00 by "builder" with MS VC++ 14.0 (VS2015)

END.
